ERROR: Cannot retrieve any response status before encountering an EPIPE or ECONNRESET exception
WARNING: Upload failed: /thesis_analysis/annovar_sept_2019/annovar_avinput/NC_009144_3_annovar_intersect.avinput?partNumber=1&uploadId=2~-tL_bvZ-kqapNlCdhn4Tz5pBLhkFhIo ([Errno 32] Broken pipe)
WARNING: Waiting 3 sec...
ERROR: Cannot retrieve any response status before encountering an EPIPE or ECONNRESET exception
WARNING: Upload failed: /thesis_analysis/annovar_sept_2019/annovar_avinput/NC_009144_3_annovar_intersect.avinput?partNumber=2&uploadId=2~-tL_bvZ-kqapNlCdhn4Tz5pBLhkFhIo ([Errno 32] Broken pipe)
WARNING: Waiting 3 sec...
ERROR: Cannot retrieve any response status before encountering an EPIPE or ECONNRESET exception
WARNING: Upload failed: /thesis_analysis/annovar_sept_2019/annovar_avinput/NC_009144_3_annovar_intersect.avinput?partNumber=3&uploadId=2~-tL_bvZ-kqapNlCdhn4Tz5pBLhkFhIo ([Errno 32] Broken pipe)
WARNING: Waiting 3 sec...
ERROR: Cannot retrieve any response status before encountering an EPIPE or ECONNRESET exception
WARNING: Upload failed: /thesis_analysis/annovar_sept_2019/annovar_avinput/NC_009144_3_annovar_intersect.avinput?partNumber=4&uploadId=2~-tL_bvZ-kqapNlCdhn4Tz5pBLhkFhIo ([Errno 32] Broken pipe)
WARNING: Waiting 3 sec...
ERROR: Cannot retrieve any response status before encountering an EPIPE or ECONNRESET exception
WARNING: Upload failed: /thesis_analysis/annovar_sept_2019/annovar_avinput/NC_009144_3_annovar_intersect.avinput?partNumber=5&uploadId=2~-tL_bvZ-kqapNlCdhn4Tz5pBLhkFhIo ([Errno 32] Broken pipe)
WARNING: Waiting 3 sec...
ERROR: Cannot retrieve any response status before encountering an EPIPE or ECONNRESET exception
WARNING: Upload failed: /thesis_analysis/annovar_sept_2019/annovar_avinput/NC_009144_3_annovar_intersect.avinput?partNumber=6&uploadId=2~-tL_bvZ-kqapNlCdhn4Tz5pBLhkFhIo ([Errno 32] Broken pipe)
WARNING: Waiting 3 sec...
ERROR: Cannot retrieve any response status before encountering an EPIPE or ECONNRESET exception
WARNING: Upload failed: /thesis_analysis/annovar_sept_2019/annovar_avinput/NC_009144_3_annovar_intersect.avinput?partNumber=7&uploadId=2~-tL_bvZ-kqapNlCdhn4Tz5pBLhkFhIo ([Errno 32] Broken pipe)
WARNING: Waiting 3 sec...
ERROR: Cannot retrieve any response status before encountering an EPIPE or ECONNRESET exception
WARNING: Upload failed: /thesis_analysis/annovar_sept_2019/annovar_avinput/NC_009144_3_annovar_intersect.avinput?partNumber=8&uploadId=2~-tL_bvZ-kqapNlCdhn4Tz5pBLhkFhIo ([Errno 32] Broken pipe)
WARNING: Waiting 3 sec...
ERROR: Cannot retrieve any response status before encountering an EPIPE or ECONNRESET exception
WARNING: Upload failed: /thesis_analysis/annovar_sept_2019/annovar_avinput/NC_009144_3_annovar_intersect.avinput?partNumber=9&uploadId=2~-tL_bvZ-kqapNlCdhn4Tz5pBLhkFhIo ([Errno 32] Broken pipe)
WARNING: Waiting 3 sec...
ERROR: Cannot retrieve any response status before encountering an EPIPE or ECONNRESET exception
WARNING: Upload failed: /thesis_analysis/annovar_sept_2019/annovar_avinput/NC_009144_3_annovar_intersect.avinput?partNumber=10&uploadId=2~-tL_bvZ-kqapNlCdhn4Tz5pBLhkFhIo ([Errno 32] Broken pipe)
WARNING: Waiting 3 sec...
ERROR: Cannot retrieve any response status before encountering an EPIPE or ECONNRESET exception
WARNING: Upload failed: /thesis_analysis/annovar_sept_2019/annovar_avinput/NC_009144_3_annovar_intersect.avinput?partNumber=11&uploadId=2~-tL_bvZ-kqapNlCdhn4Tz5pBLhkFhIo ([Errno 32] Broken pipe)
WARNING: Waiting 3 sec...
ERROR: Cannot retrieve any response status before encountering an EPIPE or ECONNRESET exception
WARNING: Upload failed: /thesis_analysis/annovar_sept_2019/annovar_avinput/NC_009144_3_annovar_intersect.avinput?partNumber=12&uploadId=2~-tL_bvZ-kqapNlCdhn4Tz5pBLhkFhIo ([Errno 32] Broken pipe)
WARNING: Waiting 3 sec...
ERROR: Cannot retrieve any response status before encountering an EPIPE or ECONNRESET exception
WARNING: Upload failed: /thesis_analysis/annovar_sept_2019/annovar_avinput/NC_009144_3_annovar_intersect.avinput?partNumber=13&uploadId=2~-tL_bvZ-kqapNlCdhn4Tz5pBLhkFhIo ([Errno 32] Broken pipe)
WARNING: Waiting 3 sec...
ERROR: Cannot retrieve any response status before encountering an EPIPE or ECONNRESET exception
WARNING: Upload failed: /thesis_analysis/annovar_sept_2019/annovar_avinput/NC_009144_3_annovar_intersect.avinput?partNumber=14&uploadId=2~-tL_bvZ-kqapNlCdhn4Tz5pBLhkFhIo ([Errno 32] Broken pipe)
WARNING: Waiting 3 sec...
ERROR: Cannot retrieve any response status before encountering an EPIPE or ECONNRESET exception
WARNING: Upload failed: /thesis_analysis/annovar_sept_2019/annovar_avinput/NC_009144_3_annovar_intersect.avinput?partNumber=15&uploadId=2~-tL_bvZ-kqapNlCdhn4Tz5pBLhkFhIo ([Errno 32] Broken pipe)
WARNING: Waiting 3 sec...
ERROR: Cannot retrieve any response status before encountering an EPIPE or ECONNRESET exception
WARNING: Upload failed: /thesis_analysis/annovar_sept_2019/annovar_avinput/NC_009144_3_annovar_intersect.avinput?partNumber=16&uploadId=2~-tL_bvZ-kqapNlCdhn4Tz5pBLhkFhIo ([Errno 32] Broken pipe)
WARNING: Waiting 3 sec...
ERROR: Cannot retrieve any response status before encountering an EPIPE or ECONNRESET exception
WARNING: Upload failed: /thesis_analysis/annovar_sept_2019/annovar_avinput/NC_009145_3_annovar_intersect.avinput?partNumber=1&uploadId=2~msqTwrtHzg8lvGF8tImzNU3VZ9tJ1zL ([Errno 32] Broken pipe)
WARNING: Waiting 3 sec...
ERROR: Cannot retrieve any response status before encountering an EPIPE or ECONNRESET exception
WARNING: Upload failed: /thesis_analysis/annovar_sept_2019/annovar_avinput/NC_009145_3_annovar_intersect.avinput?partNumber=2&uploadId=2~msqTwrtHzg8lvGF8tImzNU3VZ9tJ1zL ([Errno 32] Broken pipe)
WARNING: Waiting 3 sec...
ERROR: Cannot retrieve any response status before encountering an EPIPE or ECONNRESET exception
WARNING: Upload failed: /thesis_analysis/annovar_sept_2019/annovar_avinput/NC_009145_3_annovar_intersect.avinput?partNumber=3&uploadId=2~msqTwrtHzg8lvGF8tImzNU3VZ9tJ1zL ([Errno 32] Broken pipe)
WARNING: Waiting 3 sec...
ERROR: Cannot retrieve any response status before encountering an EPIPE or ECONNRESET exception
WARNING: Upload failed: /thesis_analysis/annovar_sept_2019/annovar_avinput/NC_009145_3_annovar_intersect.avinput?partNumber=4&uploadId=2~msqTwrtHzg8lvGF8tImzNU3VZ9tJ1zL ([Errno 32] Broken pipe)
WARNING: Waiting 3 sec...
ERROR: Cannot retrieve any response status before encountering an EPIPE or ECONNRESET exception
WARNING: Upload failed: /thesis_analysis/annovar_sept_2019/annovar_avinput/NC_009145_3_annovar_intersect.avinput?partNumber=5&uploadId=2~msqTwrtHzg8lvGF8tImzNU3VZ9tJ1zL ([Errno 32] Broken pipe)
WARNING: Waiting 3 sec...
ERROR: Cannot retrieve any response status before encountering an EPIPE or ECONNRESET exception
WARNING: Upload failed: /thesis_analysis/annovar_sept_2019/annovar_avinput/NC_009145_3_annovar_intersect.avinput?partNumber=6&uploadId=2~msqTwrtHzg8lvGF8tImzNU3VZ9tJ1zL ([Errno 32] Broken pipe)
WARNING: Waiting 3 sec...
ERROR: Cannot retrieve any response status before encountering an EPIPE or ECONNRESET exception
WARNING: Upload failed: /thesis_analysis/annovar_sept_2019/annovar_avinput/NC_009145_3_annovar_intersect.avinput?partNumber=7&uploadId=2~msqTwrtHzg8lvGF8tImzNU3VZ9tJ1zL ([Errno 32] Broken pipe)
WARNING: Waiting 3 sec...
ERROR: Cannot retrieve any response status before encountering an EPIPE or ECONNRESET exception
WARNING: Upload failed: /thesis_analysis/annovar_sept_2019/annovar_avinput/NC_009145_3_annovar_intersect.avinput?partNumber=8&uploadId=2~msqTwrtHzg8lvGF8tImzNU3VZ9tJ1zL ([Errno 32] Broken pipe)
WARNING: Waiting 3 sec...
ERROR: Cannot retrieve any response status before encountering an EPIPE or ECONNRESET exception
WARNING: Upload failed: /thesis_analysis/annovar_sept_2019/annovar_avinput/NC_009145_3_annovar_intersect.avinput?partNumber=9&uploadId=2~msqTwrtHzg8lvGF8tImzNU3VZ9tJ1zL ([Errno 32] Broken pipe)
WARNING: Waiting 3 sec...
ERROR: Cannot retrieve any response status before encountering an EPIPE or ECONNRESET exception
WARNING: Upload failed: /thesis_analysis/annovar_sept_2019/annovar_avinput/NC_009145_3_annovar_intersect.avinput?partNumber=10&uploadId=2~msqTwrtHzg8lvGF8tImzNU3VZ9tJ1zL ([Errno 32] Broken pipe)
WARNING: Waiting 3 sec...
ERROR: Cannot retrieve any response status before encountering an EPIPE or ECONNRESET exception
WARNING: Upload failed: /thesis_analysis/annovar_sept_2019/annovar_avinput/NC_009145_3_annovar_intersect.avinput?partNumber=11&uploadId=2~msqTwrtHzg8lvGF8tImzNU3VZ9tJ1zL ([Errno 32] Broken pipe)
WARNING: Waiting 3 sec...
ERROR: Cannot retrieve any response status before encountering an EPIPE or ECONNRESET exception
WARNING: Upload failed: /thesis_analysis/annovar_sept_2019/annovar_avinput/NC_009146_3_annovar_intersect.avinput?partNumber=1&uploadId=2~lfKMh_5z9Ig9mgzC3wucyCuk7o93lYv ([Errno 32] Broken pipe)
WARNING: Waiting 3 sec...
ERROR: Cannot retrieve any response status before encountering an EPIPE or ECONNRESET exception
WARNING: Upload failed: /thesis_analysis/annovar_sept_2019/annovar_avinput/NC_009146_3_annovar_intersect.avinput?partNumber=2&uploadId=2~lfKMh_5z9Ig9mgzC3wucyCuk7o93lYv ([Errno 32] Broken pipe)
WARNING: Waiting 3 sec...
ERROR: Cannot retrieve any response status before encountering an EPIPE or ECONNRESET exception
WARNING: Upload failed: /thesis_analysis/annovar_sept_2019/annovar_avinput/NC_009146_3_annovar_intersect.avinput?partNumber=3&uploadId=2~lfKMh_5z9Ig9mgzC3wucyCuk7o93lYv ([Errno 32] Broken pipe)
WARNING: Waiting 3 sec...
ERROR: Cannot retrieve any response status before encountering an EPIPE or ECONNRESET exception
WARNING: Upload failed: /thesis_analysis/annovar_sept_2019/annovar_avinput/NC_009146_3_annovar_intersect.avinput?partNumber=4&uploadId=2~lfKMh_5z9Ig9mgzC3wucyCuk7o93lYv ([Errno 32] Broken pipe)
WARNING: Waiting 3 sec...
ERROR: Cannot retrieve any response status before encountering an EPIPE or ECONNRESET exception
WARNING: Upload failed: /thesis_analysis/annovar_sept_2019/annovar_avinput/NC_009146_3_annovar_intersect.avinput?partNumber=5&uploadId=2~lfKMh_5z9Ig9mgzC3wucyCuk7o93lYv ([Errno 32] Broken pipe)
WARNING: Waiting 3 sec...
ERROR: Cannot retrieve any response status before encountering an EPIPE or ECONNRESET exception
WARNING: Upload failed: /thesis_analysis/annovar_sept_2019/annovar_avinput/NC_009146_3_annovar_intersect.avinput?partNumber=6&uploadId=2~lfKMh_5z9Ig9mgzC3wucyCuk7o93lYv ([Errno 32] Broken pipe)
WARNING: Waiting 3 sec...
ERROR: Cannot retrieve any response status before encountering an EPIPE or ECONNRESET exception
WARNING: Upload failed: /thesis_analysis/annovar_sept_2019/annovar_avinput/NC_009146_3_annovar_intersect.avinput?partNumber=7&uploadId=2~lfKMh_5z9Ig9mgzC3wucyCuk7o93lYv ([Errno 32] Broken pipe)
WARNING: Waiting 3 sec...
ERROR: Cannot retrieve any response status before encountering an EPIPE or ECONNRESET exception
WARNING: Upload failed: /thesis_analysis/annovar_sept_2019/annovar_avinput/NC_009146_3_annovar_intersect.avinput?partNumber=8&uploadId=2~lfKMh_5z9Ig9mgzC3wucyCuk7o93lYv ([Errno 32] Broken pipe)
WARNING: Waiting 3 sec...
ERROR: Cannot retrieve any response status before encountering an EPIPE or ECONNRESET exception
WARNING: Upload failed: /thesis_analysis/annovar_sept_2019/annovar_avinput/NC_009146_3_annovar_intersect.avinput?partNumber=9&uploadId=2~lfKMh_5z9Ig9mgzC3wucyCuk7o93lYv ([Errno 32] Broken pipe)
WARNING: Waiting 3 sec...
ERROR: Cannot retrieve any response status before encountering an EPIPE or ECONNRESET exception
WARNING: Upload failed: /thesis_analysis/annovar_sept_2019/annovar_avinput/NC_009146_3_annovar_intersect.avinput?partNumber=10&uploadId=2~lfKMh_5z9Ig9mgzC3wucyCuk7o93lYv ([Errno 32] Broken pipe)
WARNING: Waiting 3 sec...
ERROR: Cannot retrieve any response status before encountering an EPIPE or ECONNRESET exception
WARNING: Upload failed: /thesis_analysis/annovar_sept_2019/annovar_avinput/NC_009146_3_annovar_intersect.avinput?partNumber=11&uploadId=2~lfKMh_5z9Ig9mgzC3wucyCuk7o93lYv ([Errno 32] Broken pipe)
WARNING: Waiting 3 sec...
ERROR: Cannot retrieve any response status before encountering an EPIPE or ECONNRESET exception
WARNING: Upload failed: /thesis_analysis/annovar_sept_2019/annovar_avinput/NC_009147_3_annovar_intersect.avinput?partNumber=1&uploadId=2~CYxo1XAnz9yJoPClJh69Ad0sslVo4MJ ([Errno 32] Broken pipe)
WARNING: Waiting 3 sec...
ERROR: Cannot retrieve any response status before encountering an EPIPE or ECONNRESET exception
WARNING: Upload failed: /thesis_analysis/annovar_sept_2019/annovar_avinput/NC_009147_3_annovar_intersect.avinput?partNumber=2&uploadId=2~CYxo1XAnz9yJoPClJh69Ad0sslVo4MJ ([Errno 32] Broken pipe)
WARNING: Waiting 3 sec...
ERROR: Cannot retrieve any response status before encountering an EPIPE or ECONNRESET exception
WARNING: Upload failed: /thesis_analysis/annovar_sept_2019/annovar_avinput/NC_009147_3_annovar_intersect.avinput?partNumber=3&uploadId=2~CYxo1XAnz9yJoPClJh69Ad0sslVo4MJ ([Errno 32] Broken pipe)
WARNING: Waiting 3 sec...
ERROR: Cannot retrieve any response status before encountering an EPIPE or ECONNRESET exception
WARNING: Upload failed: /thesis_analysis/annovar_sept_2019/annovar_avinput/NC_009147_3_annovar_intersect.avinput?partNumber=4&uploadId=2~CYxo1XAnz9yJoPClJh69Ad0sslVo4MJ ([Errno 32] Broken pipe)
WARNING: Waiting 3 sec...
ERROR: Cannot retrieve any response status before encountering an EPIPE or ECONNRESET exception
WARNING: Upload failed: /thesis_analysis/annovar_sept_2019/annovar_avinput/NC_009147_3_annovar_intersect.avinput?partNumber=5&uploadId=2~CYxo1XAnz9yJoPClJh69Ad0sslVo4MJ ([Errno 32] Broken pipe)
WARNING: Waiting 3 sec...
ERROR: Cannot retrieve any response status before encountering an EPIPE or ECONNRESET exception
WARNING: Upload failed: /thesis_analysis/annovar_sept_2019/annovar_avinput/NC_009147_3_annovar_intersect.avinput?partNumber=6&uploadId=2~CYxo1XAnz9yJoPClJh69Ad0sslVo4MJ ([Errno 32] Broken pipe)
WARNING: Waiting 3 sec...
ERROR: Cannot retrieve any response status before encountering an EPIPE or ECONNRESET exception
WARNING: Upload failed: /thesis_analysis/annovar_sept_2019/annovar_avinput/NC_009147_3_annovar_intersect.avinput?partNumber=7&uploadId=2~CYxo1XAnz9yJoPClJh69Ad0sslVo4MJ ([Errno 32] Broken pipe)
WARNING: Waiting 3 sec...
ERROR: Cannot retrieve any response status before encountering an EPIPE or ECONNRESET exception
WARNING: Upload failed: /thesis_analysis/annovar_sept_2019/annovar_avinput/NC_009147_3_annovar_intersect.avinput?partNumber=8&uploadId=2~CYxo1XAnz9yJoPClJh69Ad0sslVo4MJ ([Errno 32] Broken pipe)
WARNING: Waiting 3 sec...
ERROR: Cannot retrieve any response status before encountering an EPIPE or ECONNRESET exception
WARNING: Upload failed: /thesis_analysis/annovar_sept_2019/annovar_avinput/NC_009147_3_annovar_intersect.avinput?partNumber=9&uploadId=2~CYxo1XAnz9yJoPClJh69Ad0sslVo4MJ ([Errno 32] Broken pipe)
WARNING: Waiting 3 sec...
ERROR: Cannot retrieve any response status before encountering an EPIPE or ECONNRESET exception
WARNING: Upload failed: /thesis_analysis/annovar_sept_2019/annovar_avinput/NC_009147_3_annovar_intersect.avinput?partNumber=10&uploadId=2~CYxo1XAnz9yJoPClJh69Ad0sslVo4MJ ([Errno 32] Broken pipe)
WARNING: Waiting 3 sec...
ERROR: Cannot retrieve any response status before encountering an EPIPE or ECONNRESET exception
WARNING: Upload failed: /thesis_analysis/annovar_sept_2019/annovar_avinput/NC_009148_3_annovar_intersect.avinput?partNumber=1&uploadId=2~CB2yVtGlkSWuYbiEFWZeOnk2clQzC7d ([Errno 32] Broken pipe)
WARNING: Waiting 3 sec...
ERROR: Cannot retrieve any response status before encountering an EPIPE or ECONNRESET exception
WARNING: Upload failed: /thesis_analysis/annovar_sept_2019/annovar_avinput/NC_009148_3_annovar_intersect.avinput?partNumber=2&uploadId=2~CB2yVtGlkSWuYbiEFWZeOnk2clQzC7d ([Errno 32] Broken pipe)
WARNING: Waiting 3 sec...
ERROR: Cannot retrieve any response status before encountering an EPIPE or ECONNRESET exception
WARNING: Upload failed: /thesis_analysis/annovar_sept_2019/annovar_avinput/NC_009148_3_annovar_intersect.avinput?partNumber=3&uploadId=2~CB2yVtGlkSWuYbiEFWZeOnk2clQzC7d ([Errno 32] Broken pipe)
WARNING: Waiting 3 sec...
ERROR: Cannot retrieve any response status before encountering an EPIPE or ECONNRESET exception
WARNING: Upload failed: /thesis_analysis/annovar_sept_2019/annovar_avinput/NC_009148_3_annovar_intersect.avinput?partNumber=4&uploadId=2~CB2yVtGlkSWuYbiEFWZeOnk2clQzC7d ([Errno 32] Broken pipe)
WARNING: Waiting 3 sec...
ERROR: Cannot retrieve any response status before encountering an EPIPE or ECONNRESET exception
WARNING: Upload failed: /thesis_analysis/annovar_sept_2019/annovar_avinput/NC_009148_3_annovar_intersect.avinput?partNumber=5&uploadId=2~CB2yVtGlkSWuYbiEFWZeOnk2clQzC7d ([Errno 32] Broken pipe)
WARNING: Waiting 3 sec...
ERROR: Cannot retrieve any response status before encountering an EPIPE or ECONNRESET exception
WARNING: Upload failed: /thesis_analysis/annovar_sept_2019/annovar_avinput/NC_009148_3_annovar_intersect.avinput?partNumber=6&uploadId=2~CB2yVtGlkSWuYbiEFWZeOnk2clQzC7d ([Errno 32] Broken pipe)
WARNING: Waiting 3 sec...
ERROR: Cannot retrieve any response status before encountering an EPIPE or ECONNRESET exception
WARNING: Upload failed: /thesis_analysis/annovar_sept_2019/annovar_avinput/NC_009148_3_annovar_intersect.avinput?partNumber=7&uploadId=2~CB2yVtGlkSWuYbiEFWZeOnk2clQzC7d ([Errno 32] Broken pipe)
WARNING: Waiting 3 sec...
ERROR: Cannot retrieve any response status before encountering an EPIPE or ECONNRESET exception
WARNING: Upload failed: /thesis_analysis/annovar_sept_2019/annovar_avinput/NC_009148_3_annovar_intersect.avinput?partNumber=8&uploadId=2~CB2yVtGlkSWuYbiEFWZeOnk2clQzC7d ([Errno 32] Broken pipe)
WARNING: Waiting 3 sec...
ERROR: Cannot retrieve any response status before encountering an EPIPE or ECONNRESET exception
WARNING: Upload failed: /thesis_analysis/annovar_sept_2019/annovar_avinput/NC_009148_3_annovar_intersect.avinput?partNumber=9&uploadId=2~CB2yVtGlkSWuYbiEFWZeOnk2clQzC7d ([Errno 32] Broken pipe)
WARNING: Waiting 3 sec...
ERROR: Cannot retrieve any response status before encountering an EPIPE or ECONNRESET exception
WARNING: Upload failed: /thesis_analysis/annovar_sept_2019/annovar_avinput/NC_009149_3_annovar_intersect.avinput?partNumber=1&uploadId=2~FEMvccX3roTDwN44NO24ZzEstSRpM7k ([Errno 32] Broken pipe)
WARNING: Waiting 3 sec...
ERROR: Cannot retrieve any response status before encountering an EPIPE or ECONNRESET exception
WARNING: Upload failed: /thesis_analysis/annovar_sept_2019/annovar_avinput/NC_009149_3_annovar_intersect.avinput?partNumber=2&uploadId=2~FEMvccX3roTDwN44NO24ZzEstSRpM7k ([Errno 32] Broken pipe)
WARNING: Waiting 3 sec...
ERROR: Cannot retrieve any response status before encountering an EPIPE or ECONNRESET exception
WARNING: Upload failed: /thesis_analysis/annovar_sept_2019/annovar_avinput/NC_009149_3_annovar_intersect.avinput?partNumber=3&uploadId=2~FEMvccX3roTDwN44NO24ZzEstSRpM7k ([Errno 32] Broken pipe)
WARNING: Waiting 3 sec...
