ERROR: Cannot retrieve any response status before encountering an EPIPE or ECONNRESET exception
WARNING: Upload failed: /thesis_analysis/gatk_bcftools_joint_genotyped_vcfs/genotyped_files/joint_bcftools/NC_009144_3.genotyped.vcf.gz?partNumber=1&uploadId=2~nc-LloxNOZONrq0DxLAwKzfHm52N3Jp ([Errno 32] Broken pipe)
WARNING: Waiting 3 sec...
ERROR: Cannot retrieve any response status before encountering an EPIPE or ECONNRESET exception
WARNING: Upload failed: /thesis_analysis/gatk_bcftools_joint_genotyped_vcfs/genotyped_files/joint_bcftools/NC_009144_3.genotyped.vcf.gz?partNumber=2&uploadId=2~nc-LloxNOZONrq0DxLAwKzfHm52N3Jp ([Errno 32] Broken pipe)
WARNING: Waiting 3 sec...
ERROR: Cannot retrieve any response status before encountering an EPIPE or ECONNRESET exception
WARNING: Upload failed: /thesis_analysis/gatk_bcftools_joint_genotyped_vcfs/genotyped_files/joint_bcftools/NC_009144_3.genotyped.vcf.gz?partNumber=3&uploadId=2~nc-LloxNOZONrq0DxLAwKzfHm52N3Jp ([Errno 32] Broken pipe)
WARNING: Waiting 3 sec...
ERROR: Cannot retrieve any response status before encountering an EPIPE or ECONNRESET exception
WARNING: Upload failed: /thesis_analysis/gatk_bcftools_joint_genotyped_vcfs/genotyped_files/joint_bcftools/NC_009144_3.genotyped.vcf.gz?partNumber=4&uploadId=2~nc-LloxNOZONrq0DxLAwKzfHm52N3Jp ([Errno 32] Broken pipe)
WARNING: Waiting 3 sec...
ERROR: Cannot retrieve any response status before encountering an EPIPE or ECONNRESET exception
WARNING: Upload failed: /thesis_analysis/gatk_bcftools_joint_genotyped_vcfs/genotyped_files/joint_bcftools/NC_009144_3.genotyped.vcf.gz?partNumber=5&uploadId=2~nc-LloxNOZONrq0DxLAwKzfHm52N3Jp ([Errno 32] Broken pipe)
WARNING: Waiting 3 sec...
ERROR: Cannot retrieve any response status before encountering an EPIPE or ECONNRESET exception
WARNING: Upload failed: /thesis_analysis/gatk_bcftools_joint_genotyped_vcfs/genotyped_files/joint_bcftools/NC_009144_3.genotyped.vcf.gz?partNumber=6&uploadId=2~nc-LloxNOZONrq0DxLAwKzfHm52N3Jp ([Errno 32] Broken pipe)
WARNING: Waiting 3 sec...
ERROR: Cannot retrieve any response status before encountering an EPIPE or ECONNRESET exception
WARNING: Upload failed: /thesis_analysis/gatk_bcftools_joint_genotyped_vcfs/genotyped_files/joint_bcftools/NC_009145_3.genotyped.vcf.gz?partNumber=1&uploadId=2~1OI9xz5uqbWtE8xAKzTEA9U0XfObGvW ([Errno 32] Broken pipe)
WARNING: Waiting 3 sec...
ERROR: Cannot retrieve any response status before encountering an EPIPE or ECONNRESET exception
WARNING: Upload failed: /thesis_analysis/gatk_bcftools_joint_genotyped_vcfs/genotyped_files/joint_bcftools/NC_009145_3.genotyped.vcf.gz?partNumber=2&uploadId=2~1OI9xz5uqbWtE8xAKzTEA9U0XfObGvW ([Errno 32] Broken pipe)
WARNING: Waiting 3 sec...
ERROR: Cannot retrieve any response status before encountering an EPIPE or ECONNRESET exception
WARNING: Upload failed: /thesis_analysis/gatk_bcftools_joint_genotyped_vcfs/genotyped_files/joint_bcftools/NC_009145_3.genotyped.vcf.gz?partNumber=3&uploadId=2~1OI9xz5uqbWtE8xAKzTEA9U0XfObGvW ([Errno 32] Broken pipe)
WARNING: Waiting 3 sec...
ERROR: Cannot retrieve any response status before encountering an EPIPE or ECONNRESET exception
WARNING: Upload failed: /thesis_analysis/gatk_bcftools_joint_genotyped_vcfs/genotyped_files/joint_bcftools/NC_009145_3.genotyped.vcf.gz?partNumber=4&uploadId=2~1OI9xz5uqbWtE8xAKzTEA9U0XfObGvW ([Errno 32] Broken pipe)
WARNING: Waiting 3 sec...
ERROR: Cannot retrieve any response status before encountering an EPIPE or ECONNRESET exception
WARNING: Upload failed: /thesis_analysis/gatk_bcftools_joint_genotyped_vcfs/genotyped_files/joint_bcftools/NC_009146_3.genotyped.vcf.gz?partNumber=1&uploadId=2~yjPvSZvxE0cw-jyTtqpkyqu3uZyPjbG ([Errno 32] Broken pipe)
WARNING: Waiting 3 sec...
ERROR: Cannot retrieve any response status before encountering an EPIPE or ECONNRESET exception
WARNING: Upload failed: /thesis_analysis/gatk_bcftools_joint_genotyped_vcfs/genotyped_files/joint_bcftools/NC_009146_3.genotyped.vcf.gz?partNumber=2&uploadId=2~yjPvSZvxE0cw-jyTtqpkyqu3uZyPjbG ([Errno 32] Broken pipe)
WARNING: Waiting 3 sec...
ERROR: Cannot retrieve any response status before encountering an EPIPE or ECONNRESET exception
WARNING: Upload failed: /thesis_analysis/gatk_bcftools_joint_genotyped_vcfs/genotyped_files/joint_bcftools/NC_009146_3.genotyped.vcf.gz?partNumber=3&uploadId=2~yjPvSZvxE0cw-jyTtqpkyqu3uZyPjbG ([Errno 32] Broken pipe)
WARNING: Waiting 3 sec...
ERROR: Cannot retrieve any response status before encountering an EPIPE or ECONNRESET exception
WARNING: Upload failed: /thesis_analysis/gatk_bcftools_joint_genotyped_vcfs/genotyped_files/joint_bcftools/NC_009146_3.genotyped.vcf.gz?partNumber=4&uploadId=2~yjPvSZvxE0cw-jyTtqpkyqu3uZyPjbG ([Errno 32] Broken pipe)
WARNING: Waiting 3 sec...
ERROR: Cannot retrieve any response status before encountering an EPIPE or ECONNRESET exception
WARNING: Upload failed: /thesis_analysis/gatk_bcftools_joint_genotyped_vcfs/genotyped_files/joint_bcftools/NC_009147_3.genotyped.vcf.gz?partNumber=1&uploadId=2~HBziZmN2F_tZ-thCZJm2lucUdaJP4R- ([Errno 32] Broken pipe)
WARNING: Waiting 3 sec...
ERROR: Cannot retrieve any response status before encountering an EPIPE or ECONNRESET exception
WARNING: Upload failed: /thesis_analysis/gatk_bcftools_joint_genotyped_vcfs/genotyped_files/joint_bcftools/NC_009147_3.genotyped.vcf.gz?partNumber=2&uploadId=2~HBziZmN2F_tZ-thCZJm2lucUdaJP4R- ([Errno 32] Broken pipe)
WARNING: Waiting 3 sec...
ERROR: Cannot retrieve any response status before encountering an EPIPE or ECONNRESET exception
WARNING: Upload failed: /thesis_analysis/gatk_bcftools_joint_genotyped_vcfs/genotyped_files/joint_bcftools/NC_009147_3.genotyped.vcf.gz?partNumber=3&uploadId=2~HBziZmN2F_tZ-thCZJm2lucUdaJP4R- ([Errno 32] Broken pipe)
WARNING: Waiting 3 sec...
ERROR: Cannot retrieve any response status before encountering an EPIPE or ECONNRESET exception
WARNING: Upload failed: /thesis_analysis/gatk_bcftools_joint_genotyped_vcfs/genotyped_files/joint_bcftools/NC_009147_3.genotyped.vcf.gz?partNumber=4&uploadId=2~HBziZmN2F_tZ-thCZJm2lucUdaJP4R- ([Errno 32] Broken pipe)
WARNING: Waiting 3 sec...
ERROR: Cannot retrieve any response status before encountering an EPIPE or ECONNRESET exception
WARNING: Upload failed: /thesis_analysis/gatk_bcftools_joint_genotyped_vcfs/genotyped_files/joint_bcftools/NC_009148_3.genotyped.vcf.gz?partNumber=1&uploadId=2~CeC-vsZdZ60bh0QQ4hxhmPpp4MwWGQ2 ([Errno 32] Broken pipe)
WARNING: Waiting 3 sec...
ERROR: Cannot retrieve any response status before encountering an EPIPE or ECONNRESET exception
WARNING: Upload failed: /thesis_analysis/gatk_bcftools_joint_genotyped_vcfs/genotyped_files/joint_bcftools/NC_009148_3.genotyped.vcf.gz?partNumber=2&uploadId=2~CeC-vsZdZ60bh0QQ4hxhmPpp4MwWGQ2 ([Errno 32] Broken pipe)
WARNING: Waiting 3 sec...
ERROR: Cannot retrieve any response status before encountering an EPIPE or ECONNRESET exception
WARNING: Upload failed: /thesis_analysis/gatk_bcftools_joint_genotyped_vcfs/genotyped_files/joint_bcftools/NC_009148_3.genotyped.vcf.gz?partNumber=3&uploadId=2~CeC-vsZdZ60bh0QQ4hxhmPpp4MwWGQ2 ([Errno 32] Broken pipe)
WARNING: Waiting 3 sec...
ERROR: Cannot retrieve any response status before encountering an EPIPE or ECONNRESET exception
WARNING: Upload failed: /thesis_analysis/gatk_bcftools_joint_genotyped_vcfs/genotyped_files/joint_bcftools/NC_009149_3.genotyped.vcf.gz?partNumber=1&uploadId=2~xGWjYgtOwVALrbqnSFR4dXTuXvSJYtB ([Errno 32] Broken pipe)
WARNING: Waiting 3 sec...
ERROR: Cannot retrieve any response status before encountering an EPIPE or ECONNRESET exception
WARNING: Upload failed: /thesis_analysis/gatk_bcftools_joint_genotyped_vcfs/genotyped_files/joint_bcftools/NC_009149_3.genotyped.vcf.gz?partNumber=2&uploadId=2~xGWjYgtOwVALrbqnSFR4dXTuXvSJYtB ([Errno 32] Broken pipe)
WARNING: Waiting 3 sec...
ERROR: Cannot retrieve any response status before encountering an EPIPE or ECONNRESET exception
WARNING: Upload failed: /thesis_analysis/gatk_bcftools_joint_genotyped_vcfs/genotyped_files/joint_bcftools/NC_009149_3.genotyped.vcf.gz?partNumber=3&uploadId=2~xGWjYgtOwVALrbqnSFR4dXTuXvSJYtB ([Errno 32] Broken pipe)
WARNING: Waiting 3 sec...
ERROR: Cannot retrieve any response status before encountering an EPIPE or ECONNRESET exception
WARNING: Upload failed: /thesis_analysis/gatk_bcftools_joint_genotyped_vcfs/genotyped_files/joint_bcftools/NC_009150_3.genotyped.vcf.gz?partNumber=1&uploadId=2~PHxT6ZBdnAf7IIBBf6mBRSPj4803tju ([Errno 32] Broken pipe)
WARNING: Waiting 3 sec...
ERROR: Cannot retrieve any response status before encountering an EPIPE or ECONNRESET exception
WARNING: Upload failed: /thesis_analysis/gatk_bcftools_joint_genotyped_vcfs/genotyped_files/joint_bcftools/NC_009150_3.genotyped.vcf.gz?partNumber=2&uploadId=2~PHxT6ZBdnAf7IIBBf6mBRSPj4803tju ([Errno 32] Broken pipe)
WARNING: Waiting 3 sec...
ERROR: Cannot retrieve any response status before encountering an EPIPE or ECONNRESET exception
WARNING: Upload failed: /thesis_analysis/gatk_bcftools_joint_genotyped_vcfs/genotyped_files/joint_bcftools/NC_009150_3.genotyped.vcf.gz?partNumber=3&uploadId=2~PHxT6ZBdnAf7IIBBf6mBRSPj4803tju ([Errno 32] Broken pipe)
WARNING: Waiting 3 sec...
ERROR: Cannot retrieve any response status before encountering an EPIPE or ECONNRESET exception
WARNING: Upload failed: /thesis_analysis/gatk_bcftools_joint_genotyped_vcfs/genotyped_files/joint_bcftools/NC_009151_3.genotyped.vcf.gz?partNumber=1&uploadId=2~Y_U_cSiJXBOPRlGwe3_x58OtvwDRgUZ ([Errno 32] Broken pipe)
WARNING: Waiting 3 sec...
ERROR: Cannot retrieve any response status before encountering an EPIPE or ECONNRESET exception
WARNING: Upload failed: /thesis_analysis/gatk_bcftools_joint_genotyped_vcfs/genotyped_files/joint_bcftools/NC_009151_3.genotyped.vcf.gz?partNumber=2&uploadId=2~Y_U_cSiJXBOPRlGwe3_x58OtvwDRgUZ ([Errno 32] Broken pipe)
WARNING: Waiting 3 sec...
ERROR: Cannot retrieve any response status before encountering an EPIPE or ECONNRESET exception
WARNING: Upload failed: /thesis_analysis/gatk_bcftools_joint_genotyped_vcfs/genotyped_files/joint_bcftools/NC_009151_3.genotyped.vcf.gz?partNumber=3&uploadId=2~Y_U_cSiJXBOPRlGwe3_x58OtvwDRgUZ ([Errno 32] Broken pipe)
WARNING: Waiting 3 sec...
ERROR: Cannot retrieve any response status before encountering an EPIPE or ECONNRESET exception
WARNING: Upload failed: /thesis_analysis/gatk_bcftools_joint_genotyped_vcfs/genotyped_files/joint_bcftools/NC_009152_3.genotyped.vcf.gz?partNumber=1&uploadId=2~ybtzWxeuYIrgideOGJV3HA04kTOQ9k_ ([Errno 32] Broken pipe)
WARNING: Waiting 3 sec...
ERROR: Cannot retrieve any response status before encountering an EPIPE or ECONNRESET exception
WARNING: Upload failed: /thesis_analysis/gatk_bcftools_joint_genotyped_vcfs/genotyped_files/joint_bcftools/NC_009152_3.genotyped.vcf.gz?partNumber=2&uploadId=2~ybtzWxeuYIrgideOGJV3HA04kTOQ9k_ ([Errno 32] Broken pipe)
WARNING: Waiting 3 sec...
ERROR: Cannot retrieve any response status before encountering an EPIPE or ECONNRESET exception
WARNING: Upload failed: /thesis_analysis/gatk_bcftools_joint_genotyped_vcfs/genotyped_files/joint_bcftools/NC_009152_3.genotyped.vcf.gz?partNumber=3&uploadId=2~ybtzWxeuYIrgideOGJV3HA04kTOQ9k_ ([Errno 32] Broken pipe)
WARNING: Waiting 3 sec...
ERROR: Cannot retrieve any response status before encountering an EPIPE or ECONNRESET exception
WARNING: Upload failed: /thesis_analysis/gatk_bcftools_joint_genotyped_vcfs/genotyped_files/joint_bcftools/NC_009153_3.genotyped.vcf.gz?partNumber=1&uploadId=2~bsRrSOvMenbDoVCi_6g4mVjuj5yndCE ([Errno 32] Broken pipe)
WARNING: Waiting 3 sec...
ERROR: Cannot retrieve any response status before encountering an EPIPE or ECONNRESET exception
WARNING: Upload failed: /thesis_analysis/gatk_bcftools_joint_genotyped_vcfs/genotyped_files/joint_bcftools/NC_009153_3.genotyped.vcf.gz?partNumber=2&uploadId=2~bsRrSOvMenbDoVCi_6g4mVjuj5yndCE ([Errno 32] Broken pipe)
WARNING: Waiting 3 sec...
ERROR: Cannot retrieve any response status before encountering an EPIPE or ECONNRESET exception
WARNING: Upload failed: /thesis_analysis/gatk_bcftools_joint_genotyped_vcfs/genotyped_files/joint_bcftools/NC_009153_3.genotyped.vcf.gz?partNumber=3&uploadId=2~bsRrSOvMenbDoVCi_6g4mVjuj5yndCE ([Errno 32] Broken pipe)
WARNING: Waiting 3 sec...
ERROR: Cannot retrieve any response status before encountering an EPIPE or ECONNRESET exception
WARNING: Upload failed: /thesis_analysis/gatk_bcftools_joint_genotyped_vcfs/genotyped_files/joint_bcftools/NC_009154_3.genotyped.vcf.gz?partNumber=1&uploadId=2~u7f1WiK4twVgppR_0HT3H7pOoPb4pFr ([Errno 32] Broken pipe)
WARNING: Waiting 3 sec...
ERROR: Cannot retrieve any response status before encountering an EPIPE or ECONNRESET exception
WARNING: Upload failed: /thesis_analysis/gatk_bcftools_joint_genotyped_vcfs/genotyped_files/joint_bcftools/NC_009154_3.genotyped.vcf.gz?partNumber=2&uploadId=2~u7f1WiK4twVgppR_0HT3H7pOoPb4pFr ([Errno 32] Broken pipe)
WARNING: Waiting 3 sec...
ERROR: Cannot retrieve any response status before encountering an EPIPE or ECONNRESET exception
WARNING: Upload failed: /thesis_analysis/gatk_bcftools_joint_genotyped_vcfs/genotyped_files/joint_bcftools/NC_009155_3.genotyped.vcf.gz?partNumber=1&uploadId=2~G_ueLVd9e5OeLOdNXa48YqPrLCJA89P ([Errno 32] Broken pipe)
WARNING: Waiting 3 sec...
ERROR: Cannot retrieve any response status before encountering an EPIPE or ECONNRESET exception
WARNING: Upload failed: /thesis_analysis/gatk_bcftools_joint_genotyped_vcfs/genotyped_files/joint_bcftools/NC_009155_3.genotyped.vcf.gz?partNumber=2&uploadId=2~G_ueLVd9e5OeLOdNXa48YqPrLCJA89P ([Errno 32] Broken pipe)
WARNING: Waiting 3 sec...
ERROR: Cannot retrieve any response status before encountering an EPIPE or ECONNRESET exception
WARNING: Upload failed: /thesis_analysis/gatk_bcftools_joint_genotyped_vcfs/genotyped_files/joint_bcftools/NC_009156_3.genotyped.vcf.gz?partNumber=1&uploadId=2~_qErpnXiojCJbD7OyMOgDdyMIHq2E_B ([Errno 32] Broken pipe)
WARNING: Waiting 3 sec...
ERROR: Cannot retrieve any response status before encountering an EPIPE or ECONNRESET exception
WARNING: Upload failed: /thesis_analysis/gatk_bcftools_joint_genotyped_vcfs/genotyped_files/joint_bcftools/NC_009156_3.genotyped.vcf.gz?partNumber=2&uploadId=2~_qErpnXiojCJbD7OyMOgDdyMIHq2E_B ([Errno 32] Broken pipe)
WARNING: Waiting 3 sec...
ERROR: Cannot retrieve any response status before encountering an EPIPE or ECONNRESET exception
WARNING: Upload failed: /thesis_analysis/gatk_bcftools_joint_genotyped_vcfs/genotyped_files/joint_bcftools/NC_009157_3.genotyped.vcf.gz?partNumber=1&uploadId=2~maHVuBRZamPLKhTBEgCwp4gzgEc5lqC ([Errno 32] Broken pipe)
WARNING: Waiting 3 sec...
ERROR: Cannot retrieve any response status before encountering an EPIPE or ECONNRESET exception
WARNING: Upload failed: /thesis_analysis/gatk_bcftools_joint_genotyped_vcfs/genotyped_files/joint_bcftools/NC_009157_3.genotyped.vcf.gz?partNumber=2&uploadId=2~maHVuBRZamPLKhTBEgCwp4gzgEc5lqC ([Errno 32] Broken pipe)
WARNING: Waiting 3 sec...
ERROR: Cannot retrieve any response status before encountering an EPIPE or ECONNRESET exception
WARNING: Upload failed: /thesis_analysis/gatk_bcftools_joint_genotyped_vcfs/genotyped_files/joint_bcftools/NC_009157_3.genotyped.vcf.gz?partNumber=3&uploadId=2~maHVuBRZamPLKhTBEgCwp4gzgEc5lqC ([Errno 32] Broken pipe)
WARNING: Waiting 3 sec...
ERROR: Cannot retrieve any response status before encountering an EPIPE or ECONNRESET exception
WARNING: Upload failed: /thesis_analysis/gatk_bcftools_joint_genotyped_vcfs/genotyped_files/joint_bcftools/NC_009158_3.genotyped.vcf.gz?partNumber=1&uploadId=2~Gd73qqZ9ddeZn21o-IP9VfmVna8eyw2 ([Errno 32] Broken pipe)
WARNING: Waiting 3 sec...
ERROR: Cannot retrieve any response status before encountering an EPIPE or ECONNRESET exception
WARNING: Upload failed: /thesis_analysis/gatk_bcftools_joint_genotyped_vcfs/genotyped_files/joint_bcftools/NC_009158_3.genotyped.vcf.gz?partNumber=2&uploadId=2~Gd73qqZ9ddeZn21o-IP9VfmVna8eyw2 ([Errno 32] Broken pipe)
WARNING: Waiting 3 sec...
ERROR: Cannot retrieve any response status before encountering an EPIPE or ECONNRESET exception
WARNING: Upload failed: /thesis_analysis/gatk_bcftools_joint_genotyped_vcfs/genotyped_files/joint_bcftools/NC_009158_3.genotyped.vcf.gz?partNumber=3&uploadId=2~Gd73qqZ9ddeZn21o-IP9VfmVna8eyw2 ([Errno 32] Broken pipe)
WARNING: Waiting 3 sec...
ERROR: Cannot retrieve any response status before encountering an EPIPE or ECONNRESET exception
WARNING: Upload failed: /thesis_analysis/gatk_bcftools_joint_genotyped_vcfs/genotyped_files/joint_bcftools/NC_009159_3.genotyped.vcf.gz?partNumber=1&uploadId=2~W1BgsOMN15yZrplWPjxriuY0uvMrkFq ([Errno 32] Broken pipe)
WARNING: Waiting 3 sec...
ERROR: Cannot retrieve any response status before encountering an EPIPE or ECONNRESET exception
WARNING: Upload failed: /thesis_analysis/gatk_bcftools_joint_genotyped_vcfs/genotyped_files/joint_bcftools/NC_009159_3.genotyped.vcf.gz?partNumber=2&uploadId=2~W1BgsOMN15yZrplWPjxriuY0uvMrkFq ([Errno 32] Broken pipe)
WARNING: Waiting 3 sec...
ERROR: Cannot retrieve any response status before encountering an EPIPE or ECONNRESET exception
WARNING: Upload failed: /thesis_analysis/gatk_bcftools_joint_genotyped_vcfs/genotyped_files/joint_bcftools/NC_009159_3.genotyped.vcf.gz?partNumber=3&uploadId=2~W1BgsOMN15yZrplWPjxriuY0uvMrkFq ([Errno 32] Broken pipe)
WARNING: Waiting 3 sec...
ERROR: Cannot retrieve any response status before encountering an EPIPE or ECONNRESET exception
WARNING: Upload failed: /thesis_analysis/gatk_bcftools_joint_genotyped_vcfs/genotyped_files/joint_bcftools/NC_009160_3.genotyped.vcf.gz?partNumber=1&uploadId=2~ETBOGsdlmkE5Vwv7PZOyE7B3RySlC74 ([Errno 32] Broken pipe)
WARNING: Waiting 3 sec...
ERROR: Cannot retrieve any response status before encountering an EPIPE or ECONNRESET exception
WARNING: Upload failed: /thesis_analysis/gatk_bcftools_joint_genotyped_vcfs/genotyped_files/joint_bcftools/NC_009160_3.genotyped.vcf.gz?partNumber=2&uploadId=2~ETBOGsdlmkE5Vwv7PZOyE7B3RySlC74 ([Errno 32] Broken pipe)
WARNING: Waiting 3 sec...
ERROR: Cannot retrieve any response status before encountering an EPIPE or ECONNRESET exception
WARNING: Upload failed: /thesis_analysis/gatk_bcftools_joint_genotyped_vcfs/genotyped_files/joint_bcftools/NC_009160_3.genotyped.vcf.gz?partNumber=3&uploadId=2~ETBOGsdlmkE5Vwv7PZOyE7B3RySlC74 ([Errno 32] Broken pipe)
WARNING: Waiting 3 sec...
ERROR: Cannot retrieve any response status before encountering an EPIPE or ECONNRESET exception
WARNING: Upload failed: /thesis_analysis/gatk_bcftools_joint_genotyped_vcfs/genotyped_files/joint_bcftools/NC_009161_3.genotyped.vcf.gz?partNumber=1&uploadId=2~Z7tBEN0z_V61cN77FwCtfuBjXy5wv4x ([Errno 32] Broken pipe)
WARNING: Waiting 3 sec...
ERROR: Cannot retrieve any response status before encountering an EPIPE or ECONNRESET exception
WARNING: Upload failed: /thesis_analysis/gatk_bcftools_joint_genotyped_vcfs/genotyped_files/joint_bcftools/NC_009161_3.genotyped.vcf.gz?partNumber=2&uploadId=2~Z7tBEN0z_V61cN77FwCtfuBjXy5wv4x ([Errno 32] Broken pipe)
WARNING: Waiting 3 sec...
ERROR: Cannot retrieve any response status before encountering an EPIPE or ECONNRESET exception
WARNING: Upload failed: /thesis_analysis/gatk_bcftools_joint_genotyped_vcfs/genotyped_files/joint_bcftools/NC_009161_3.genotyped.vcf.gz?partNumber=3&uploadId=2~Z7tBEN0z_V61cN77FwCtfuBjXy5wv4x ([Errno 32] Broken pipe)
WARNING: Waiting 3 sec...
ERROR: Cannot retrieve any response status before encountering an EPIPE or ECONNRESET exception
WARNING: Upload failed: /thesis_analysis/gatk_bcftools_joint_genotyped_vcfs/genotyped_files/joint_bcftools/NC_009162_3.genotyped.vcf.gz?partNumber=1&uploadId=2~PoSeWnyF5EtXQLOo_dbbByhmqHTuBcG ([Errno 32] Broken pipe)
WARNING: Waiting 3 sec...
ERROR: Cannot retrieve any response status before encountering an EPIPE or ECONNRESET exception
WARNING: Upload failed: /thesis_analysis/gatk_bcftools_joint_genotyped_vcfs/genotyped_files/joint_bcftools/NC_009162_3.genotyped.vcf.gz?partNumber=2&uploadId=2~PoSeWnyF5EtXQLOo_dbbByhmqHTuBcG ([Errno 32] Broken pipe)
WARNING: Waiting 3 sec...
ERROR: Cannot retrieve any response status before encountering an EPIPE or ECONNRESET exception
WARNING: Upload failed: /thesis_analysis/gatk_bcftools_joint_genotyped_vcfs/genotyped_files/joint_bcftools/NC_009163_3.genotyped.vcf.gz?partNumber=1&uploadId=2~FeZJS4GDMDbR3thFncZXPVjdYBwdInX ([Errno 32] Broken pipe)
WARNING: Waiting 3 sec...
ERROR: Cannot retrieve any response status before encountering an EPIPE or ECONNRESET exception
WARNING: Upload failed: /thesis_analysis/gatk_bcftools_joint_genotyped_vcfs/genotyped_files/joint_bcftools/NC_009163_3.genotyped.vcf.gz?partNumber=2&uploadId=2~FeZJS4GDMDbR3thFncZXPVjdYBwdInX ([Errno 32] Broken pipe)
WARNING: Waiting 3 sec...
ERROR: Cannot retrieve any response status before encountering an EPIPE or ECONNRESET exception
WARNING: Upload failed: /thesis_analysis/gatk_bcftools_joint_genotyped_vcfs/genotyped_files/joint_bcftools/NC_009163_3.genotyped.vcf.gz?partNumber=3&uploadId=2~FeZJS4GDMDbR3thFncZXPVjdYBwdInX ([Errno 32] Broken pipe)
WARNING: Waiting 3 sec...
ERROR: Cannot retrieve any response status before encountering an EPIPE or ECONNRESET exception
WARNING: Upload failed: /thesis_analysis/gatk_bcftools_joint_genotyped_vcfs/genotyped_files/joint_bcftools/NC_009164_3.genotyped.vcf.gz?partNumber=1&uploadId=2~cqsZXMrQsacHUAWSCxQb4tCKyXSda1h ([Errno 32] Broken pipe)
WARNING: Waiting 3 sec...
ERROR: Cannot retrieve any response status before encountering an EPIPE or ECONNRESET exception
WARNING: Upload failed: /thesis_analysis/gatk_bcftools_joint_genotyped_vcfs/genotyped_files/joint_bcftools/NC_009164_3.genotyped.vcf.gz?partNumber=2&uploadId=2~cqsZXMrQsacHUAWSCxQb4tCKyXSda1h ([Errno 32] Broken pipe)
WARNING: Waiting 3 sec...
ERROR: Cannot retrieve any response status before encountering an EPIPE or ECONNRESET exception
WARNING: Upload failed: /thesis_analysis/gatk_bcftools_joint_genotyped_vcfs/genotyped_files/joint_bcftools/NC_009165_3.genotyped.vcf.gz?partNumber=1&uploadId=2~Yg0JeFLGykaEWWn1n9dDs1Iw2K3gNYB ([Errno 32] Broken pipe)
WARNING: Waiting 3 sec...
ERROR: Cannot retrieve any response status before encountering an EPIPE or ECONNRESET exception
WARNING: Upload failed: /thesis_analysis/gatk_bcftools_joint_genotyped_vcfs/genotyped_files/joint_bcftools/NC_009165_3.genotyped.vcf.gz?partNumber=2&uploadId=2~Yg0JeFLGykaEWWn1n9dDs1Iw2K3gNYB ([Errno 32] Broken pipe)
WARNING: Waiting 3 sec...
ERROR: Cannot retrieve any response status before encountering an EPIPE or ECONNRESET exception
WARNING: Upload failed: /thesis_analysis/gatk_bcftools_joint_genotyped_vcfs/genotyped_files/joint_bcftools/NC_009166_3.genotyped.vcf.gz?partNumber=1&uploadId=2~UeTjjb6qVUIilJ0qnPTQJuw75_AR51p ([Errno 32] Broken pipe)
WARNING: Waiting 3 sec...
ERROR: Cannot retrieve any response status before encountering an EPIPE or ECONNRESET exception
WARNING: Upload failed: /thesis_analysis/gatk_bcftools_joint_genotyped_vcfs/genotyped_files/joint_bcftools/NC_009166_3.genotyped.vcf.gz?partNumber=2&uploadId=2~UeTjjb6qVUIilJ0qnPTQJuw75_AR51p ([Errno 32] Broken pipe)
WARNING: Waiting 3 sec...
ERROR: Cannot retrieve any response status before encountering an EPIPE or ECONNRESET exception
WARNING: Upload failed: /thesis_analysis/gatk_bcftools_joint_genotyped_vcfs/genotyped_files/joint_bcftools/NC_009167_3.genotyped.vcf.gz?partNumber=1&uploadId=2~h-dNasH-6vDSusGovQiNkf1GgN204bi ([Errno 32] Broken pipe)
WARNING: Waiting 3 sec...
ERROR: Cannot retrieve any response status before encountering an EPIPE or ECONNRESET exception
WARNING: Upload failed: /thesis_analysis/gatk_bcftools_joint_genotyped_vcfs/genotyped_files/joint_bcftools/NC_009167_3.genotyped.vcf.gz?partNumber=2&uploadId=2~h-dNasH-6vDSusGovQiNkf1GgN204bi ([Errno 32] Broken pipe)
WARNING: Waiting 3 sec...
ERROR: Cannot retrieve any response status before encountering an EPIPE or ECONNRESET exception
WARNING: Upload failed: /thesis_analysis/gatk_bcftools_joint_genotyped_vcfs/genotyped_files/joint_bcftools/NC_009168_3.genotyped.vcf.gz?partNumber=1&uploadId=2~_CXbJW9K1jjsMOMTdWHpNLm4kr5xPHN ([Errno 32] Broken pipe)
WARNING: Waiting 3 sec...
ERROR: Cannot retrieve any response status before encountering an EPIPE or ECONNRESET exception
WARNING: Upload failed: /thesis_analysis/gatk_bcftools_joint_genotyped_vcfs/genotyped_files/joint_bcftools/NC_009168_3.genotyped.vcf.gz?partNumber=2&uploadId=2~_CXbJW9K1jjsMOMTdWHpNLm4kr5xPHN ([Errno 32] Broken pipe)
WARNING: Waiting 3 sec...
ERROR: Cannot retrieve any response status before encountering an EPIPE or ECONNRESET exception
WARNING: Upload failed: /thesis_analysis/gatk_bcftools_joint_genotyped_vcfs/genotyped_files/joint_bcftools/NC_009169_3.genotyped.vcf.gz?partNumber=1&uploadId=2~dObNDxwigXfgO_oeOaVPQpHG9Va5X4f ([Errno 32] Broken pipe)
WARNING: Waiting 3 sec...
ERROR: Cannot retrieve any response status before encountering an EPIPE or ECONNRESET exception
WARNING: Upload failed: /thesis_analysis/gatk_bcftools_joint_genotyped_vcfs/genotyped_files/joint_bcftools/NC_009169_3.genotyped.vcf.gz?partNumber=2&uploadId=2~dObNDxwigXfgO_oeOaVPQpHG9Va5X4f ([Errno 32] Broken pipe)
WARNING: Waiting 3 sec...
ERROR: Cannot retrieve any response status before encountering an EPIPE or ECONNRESET exception
WARNING: Upload failed: /thesis_analysis/gatk_bcftools_joint_genotyped_vcfs/genotyped_files/joint_bcftools/NC_009170_3.genotyped.vcf.gz?partNumber=1&uploadId=2~didfTW8bD9OlDsMjWXKzZd-irRGNJqc ([Errno 32] Broken pipe)
WARNING: Waiting 3 sec...
ERROR: Cannot retrieve any response status before encountering an EPIPE or ECONNRESET exception
WARNING: Upload failed: /thesis_analysis/gatk_bcftools_joint_genotyped_vcfs/genotyped_files/joint_bcftools/NC_009170_3.genotyped.vcf.gz?partNumber=2&uploadId=2~didfTW8bD9OlDsMjWXKzZd-irRGNJqc ([Errno 32] Broken pipe)
WARNING: Waiting 3 sec...
ERROR: Cannot retrieve any response status before encountering an EPIPE or ECONNRESET exception
WARNING: Upload failed: /thesis_analysis/gatk_bcftools_joint_genotyped_vcfs/genotyped_files/joint_bcftools/NC_009171_3.genotyped.vcf.gz?partNumber=1&uploadId=2~vhxBvGb00sL47YhIiE6n4r6nKUGhCEe ([Errno 32] Broken pipe)
WARNING: Waiting 3 sec...
ERROR: Cannot retrieve any response status before encountering an EPIPE or ECONNRESET exception
WARNING: Upload failed: /thesis_analysis/gatk_bcftools_joint_genotyped_vcfs/genotyped_files/joint_bcftools/NC_009171_3.genotyped.vcf.gz?partNumber=2&uploadId=2~vhxBvGb00sL47YhIiE6n4r6nKUGhCEe ([Errno 32] Broken pipe)
WARNING: Waiting 3 sec...
ERROR: Cannot retrieve any response status before encountering an EPIPE or ECONNRESET exception
WARNING: Upload failed: /thesis_analysis/gatk_bcftools_joint_genotyped_vcfs/genotyped_files/joint_bcftools/NC_009172_3.genotyped.vcf.gz?partNumber=1&uploadId=2~ip_5WbsswORWSZsHo_DNYOFzSGKzVLT ([Errno 32] Broken pipe)
WARNING: Waiting 3 sec...
ERROR: Cannot retrieve any response status before encountering an EPIPE or ECONNRESET exception
WARNING: Upload failed: /thesis_analysis/gatk_bcftools_joint_genotyped_vcfs/genotyped_files/joint_bcftools/NC_009173_3.genotyped.vcf.gz ([Errno 32] Broken pipe)
WARNING: Waiting 3 sec...
ERROR: Cannot retrieve any response status before encountering an EPIPE or ECONNRESET exception
WARNING: Upload failed: /thesis_analysis/gatk_bcftools_joint_genotyped_vcfs/genotyped_files/joint_bcftools/NC_009174_3.genotyped.vcf.gz ([Errno 32] Broken pipe)
WARNING: Waiting 3 sec...
ERROR: Cannot retrieve any response status before encountering an EPIPE or ECONNRESET exception
WARNING: Upload failed: /thesis_analysis/gatk_bcftools_joint_genotyped_vcfs/genotyped_files/joint_bcftools/NC_009175_3.genotyped.vcf.gz?partNumber=1&uploadId=2~AMpvqK15LR0t9hTouz0Vwo_7JIbQqvr ([Errno 32] Broken pipe)
WARNING: Waiting 3 sec...
ERROR: Cannot retrieve any response status before encountering an EPIPE or ECONNRESET exception
WARNING: Upload failed: /thesis_analysis/gatk_bcftools_joint_genotyped_vcfs/genotyped_files/joint_bcftools/NC_009175_3.genotyped.vcf.gz?partNumber=2&uploadId=2~AMpvqK15LR0t9hTouz0Vwo_7JIbQqvr ([Errno 32] Broken pipe)
WARNING: Waiting 3 sec...
ERROR: Cannot retrieve any response status before encountering an EPIPE or ECONNRESET exception
WARNING: Upload failed: /thesis_analysis/gatk_bcftools_joint_genotyped_vcfs/genotyped_files/joint_bcftools/NC_009175_3.genotyped.vcf.gz?partNumber=3&uploadId=2~AMpvqK15LR0t9hTouz0Vwo_7JIbQqvr ([Errno 32] Broken pipe)
WARNING: Waiting 3 sec...
ERROR: Cannot retrieve any response status before encountering an EPIPE or ECONNRESET exception
WARNING: Upload failed: /thesis_analysis/gatk_bcftools_joint_genotyped_vcfs/genotyped_files/joint_bcftools/NC_009175_3.genotyped.vcf.gz?partNumber=4&uploadId=2~AMpvqK15LR0t9hTouz0Vwo_7JIbQqvr ([Errno 32] Broken pipe)
WARNING: Waiting 3 sec...
ERROR: Cannot retrieve any response status before encountering an EPIPE or ECONNRESET exception
WARNING: Upload failed: /thesis_analysis/gatk_bcftools_joint_genotyped_vcfs/genotyped_files/joint_bcftools/unplaced.genotyped.vcf.gz?partNumber=1&uploadId=2~d9yUIlH8DZAU_PtEYFsA8jqR80nDpbV ([Errno 32] Broken pipe)
WARNING: Waiting 3 sec...
ERROR: Cannot retrieve any response status before encountering an EPIPE or ECONNRESET exception
WARNING: Upload failed: /thesis_analysis/gatk_bcftools_joint_genotyped_vcfs/genotyped_files/joint_bcftools/unplaced.genotyped.vcf.gz?partNumber=2&uploadId=2~d9yUIlH8DZAU_PtEYFsA8jqR80nDpbV ([Errno 32] Broken pipe)
WARNING: Waiting 3 sec...
ERROR: Cannot retrieve any response status before encountering an EPIPE or ECONNRESET exception
WARNING: Upload failed: /thesis_analysis/gatk_bcftools_joint_genotyped_vcfs/genotyped_files/joint_bcftools/unplaced.genotyped.vcf.gz?partNumber=3&uploadId=2~d9yUIlH8DZAU_PtEYFsA8jqR80nDpbV ([Errno 32] Broken pipe)
WARNING: Waiting 3 sec...
ERROR: Cannot retrieve any response status before encountering an EPIPE or ECONNRESET exception
WARNING: Upload failed: /thesis_analysis/gatk_bcftools_joint_genotyped_vcfs/genotyped_files/joint_bcftools/unplaced.genotyped.vcf.gz?partNumber=4&uploadId=2~d9yUIlH8DZAU_PtEYFsA8jqR80nDpbV ([Errno 32] Broken pipe)
WARNING: Waiting 3 sec...
ERROR: Cannot retrieve any response status before encountering an EPIPE or ECONNRESET exception
WARNING: Upload failed: /thesis_analysis/gatk_bcftools_joint_genotyped_vcfs/genotyped_files/joint_bcftools/unplaced.genotyped.vcf.gz?partNumber=5&uploadId=2~d9yUIlH8DZAU_PtEYFsA8jqR80nDpbV ([Errno 32] Broken pipe)
WARNING: Waiting 3 sec...
ERROR: Cannot retrieve any response status before encountering an EPIPE or ECONNRESET exception
WARNING: Upload failed: /thesis_analysis/gatk_bcftools_joint_genotyped_vcfs/genotyped_files/joint_gatk/NC_009144_3.genotyped.vcf.gz?partNumber=1&uploadId=2~hxtN4SGcTOkbFRssIr38XGuLen2py2I ([Errno 32] Broken pipe)
WARNING: Waiting 3 sec...
ERROR: Cannot retrieve any response status before encountering an EPIPE or ECONNRESET exception
WARNING: Upload failed: /thesis_analysis/gatk_bcftools_joint_genotyped_vcfs/genotyped_files/joint_gatk/NC_009144_3.genotyped.vcf.gz?partNumber=2&uploadId=2~hxtN4SGcTOkbFRssIr38XGuLen2py2I ([Errno 32] Broken pipe)
WARNING: Waiting 3 sec...
ERROR: Cannot retrieve any response status before encountering an EPIPE or ECONNRESET exception
WARNING: Upload failed: /thesis_analysis/gatk_bcftools_joint_genotyped_vcfs/genotyped_files/joint_gatk/NC_009144_3.genotyped.vcf.gz?partNumber=3&uploadId=2~hxtN4SGcTOkbFRssIr38XGuLen2py2I ([Errno 32] Broken pipe)
WARNING: Waiting 3 sec...
ERROR: Cannot retrieve any response status before encountering an EPIPE or ECONNRESET exception
WARNING: Upload failed: /thesis_analysis/gatk_bcftools_joint_genotyped_vcfs/genotyped_files/joint_gatk/NC_009144_3.genotyped.vcf.gz?partNumber=4&uploadId=2~hxtN4SGcTOkbFRssIr38XGuLen2py2I ([Errno 32] Broken pipe)
WARNING: Waiting 3 sec...
ERROR: Cannot retrieve any response status before encountering an EPIPE or ECONNRESET exception
WARNING: Upload failed: /thesis_analysis/gatk_bcftools_joint_genotyped_vcfs/genotyped_files/joint_gatk/NC_009144_3.genotyped.vcf.gz?partNumber=5&uploadId=2~hxtN4SGcTOkbFRssIr38XGuLen2py2I ([Errno 32] Broken pipe)
WARNING: Waiting 3 sec...
ERROR: Cannot retrieve any response status before encountering an EPIPE or ECONNRESET exception
WARNING: Upload failed: /thesis_analysis/gatk_bcftools_joint_genotyped_vcfs/genotyped_files/joint_gatk/NC_009144_3.genotyped.vcf.gz?partNumber=6&uploadId=2~hxtN4SGcTOkbFRssIr38XGuLen2py2I ([Errno 32] Broken pipe)
WARNING: Waiting 3 sec...
ERROR: Cannot retrieve any response status before encountering an EPIPE or ECONNRESET exception
WARNING: Upload failed: /thesis_analysis/gatk_bcftools_joint_genotyped_vcfs/genotyped_files/joint_gatk/NC_009144_3.genotyped.vcf.gz?partNumber=7&uploadId=2~hxtN4SGcTOkbFRssIr38XGuLen2py2I ([Errno 32] Broken pipe)
WARNING: Waiting 3 sec...
ERROR: Cannot retrieve any response status before encountering an EPIPE or ECONNRESET exception
WARNING: Upload failed: /thesis_analysis/gatk_bcftools_joint_genotyped_vcfs/genotyped_files/joint_gatk/NC_009144_3.genotyped.vcf.gz?partNumber=8&uploadId=2~hxtN4SGcTOkbFRssIr38XGuLen2py2I ([Errno 32] Broken pipe)
WARNING: Waiting 3 sec...
ERROR: Cannot retrieve any response status before encountering an EPIPE or ECONNRESET exception
WARNING: Upload failed: /thesis_analysis/gatk_bcftools_joint_genotyped_vcfs/genotyped_files/joint_gatk/NC_009144_3.genotyped.vcf.gz?partNumber=9&uploadId=2~hxtN4SGcTOkbFRssIr38XGuLen2py2I ([Errno 32] Broken pipe)
WARNING: Waiting 3 sec...
ERROR: Cannot retrieve any response status before encountering an EPIPE or ECONNRESET exception
WARNING: Upload failed: /thesis_analysis/gatk_bcftools_joint_genotyped_vcfs/genotyped_files/joint_gatk/NC_009144_3.genotyped.vcf.gz?partNumber=10&uploadId=2~hxtN4SGcTOkbFRssIr38XGuLen2py2I ([Errno 32] Broken pipe)
WARNING: Waiting 3 sec...
ERROR: Cannot retrieve any response status before encountering an EPIPE or ECONNRESET exception
WARNING: Upload failed: /thesis_analysis/gatk_bcftools_joint_genotyped_vcfs/genotyped_files/joint_gatk/NC_009144_3.genotyped.vcf.gz?partNumber=11&uploadId=2~hxtN4SGcTOkbFRssIr38XGuLen2py2I ([Errno 32] Broken pipe)
WARNING: Waiting 3 sec...
ERROR: Cannot retrieve any response status before encountering an EPIPE or ECONNRESET exception
WARNING: Upload failed: /thesis_analysis/gatk_bcftools_joint_genotyped_vcfs/genotyped_files/joint_gatk/NC_009145_3.genotyped.vcf.gz?partNumber=1&uploadId=2~iPxJYEIx81oXavoF-PFeNYP6tmuP1Yn ([Errno 32] Broken pipe)
WARNING: Waiting 3 sec...
ERROR: Cannot retrieve any response status before encountering an EPIPE or ECONNRESET exception
WARNING: Upload failed: /thesis_analysis/gatk_bcftools_joint_genotyped_vcfs/genotyped_files/joint_gatk/NC_009145_3.genotyped.vcf.gz?partNumber=2&uploadId=2~iPxJYEIx81oXavoF-PFeNYP6tmuP1Yn ([Errno 32] Broken pipe)
WARNING: Waiting 3 sec...
ERROR: Cannot retrieve any response status before encountering an EPIPE or ECONNRESET exception
WARNING: Upload failed: /thesis_analysis/gatk_bcftools_joint_genotyped_vcfs/genotyped_files/joint_gatk/NC_009145_3.genotyped.vcf.gz?partNumber=3&uploadId=2~iPxJYEIx81oXavoF-PFeNYP6tmuP1Yn ([Errno 32] Broken pipe)
WARNING: Waiting 3 sec...
ERROR: Cannot retrieve any response status before encountering an EPIPE or ECONNRESET exception
WARNING: Upload failed: /thesis_analysis/gatk_bcftools_joint_genotyped_vcfs/genotyped_files/joint_gatk/NC_009145_3.genotyped.vcf.gz?partNumber=4&uploadId=2~iPxJYEIx81oXavoF-PFeNYP6tmuP1Yn ([Errno 32] Broken pipe)
WARNING: Waiting 3 sec...
ERROR: Cannot retrieve any response status before encountering an EPIPE or ECONNRESET exception
WARNING: Upload failed: /thesis_analysis/gatk_bcftools_joint_genotyped_vcfs/genotyped_files/joint_gatk/NC_009145_3.genotyped.vcf.gz?partNumber=5&uploadId=2~iPxJYEIx81oXavoF-PFeNYP6tmuP1Yn ([Errno 32] Broken pipe)
WARNING: Waiting 3 sec...
ERROR: Cannot retrieve any response status before encountering an EPIPE or ECONNRESET exception
WARNING: Upload failed: /thesis_analysis/gatk_bcftools_joint_genotyped_vcfs/genotyped_files/joint_gatk/NC_009145_3.genotyped.vcf.gz?partNumber=6&uploadId=2~iPxJYEIx81oXavoF-PFeNYP6tmuP1Yn ([Errno 32] Broken pipe)
WARNING: Waiting 3 sec...
ERROR: Cannot retrieve any response status before encountering an EPIPE or ECONNRESET exception
WARNING: Upload failed: /thesis_analysis/gatk_bcftools_joint_genotyped_vcfs/genotyped_files/joint_gatk/NC_009145_3.genotyped.vcf.gz?partNumber=7&uploadId=2~iPxJYEIx81oXavoF-PFeNYP6tmuP1Yn ([Errno 32] Broken pipe)
WARNING: Waiting 3 sec...
ERROR: Cannot retrieve any response status before encountering an EPIPE or ECONNRESET exception
WARNING: Upload failed: /thesis_analysis/gatk_bcftools_joint_genotyped_vcfs/genotyped_files/joint_gatk/NC_009146_3.genotyped.vcf.gz?partNumber=1&uploadId=2~PaaNZcvpNXAZuwrx4LtrhOOK3k7zAHd ([Errno 32] Broken pipe)
WARNING: Waiting 3 sec...
ERROR: Cannot retrieve any response status before encountering an EPIPE or ECONNRESET exception
WARNING: Upload failed: /thesis_analysis/gatk_bcftools_joint_genotyped_vcfs/genotyped_files/joint_gatk/NC_009146_3.genotyped.vcf.gz?partNumber=2&uploadId=2~PaaNZcvpNXAZuwrx4LtrhOOK3k7zAHd ([Errno 32] Broken pipe)
WARNING: Waiting 3 sec...
ERROR: Cannot retrieve any response status before encountering an EPIPE or ECONNRESET exception
WARNING: Upload failed: /thesis_analysis/gatk_bcftools_joint_genotyped_vcfs/genotyped_files/joint_gatk/NC_009146_3.genotyped.vcf.gz?partNumber=3&uploadId=2~PaaNZcvpNXAZuwrx4LtrhOOK3k7zAHd ([Errno 32] Broken pipe)
WARNING: Waiting 3 sec...
ERROR: Cannot retrieve any response status before encountering an EPIPE or ECONNRESET exception
WARNING: Upload failed: /thesis_analysis/gatk_bcftools_joint_genotyped_vcfs/genotyped_files/joint_gatk/NC_009146_3.genotyped.vcf.gz?partNumber=4&uploadId=2~PaaNZcvpNXAZuwrx4LtrhOOK3k7zAHd ([Errno 32] Broken pipe)
WARNING: Waiting 3 sec...
ERROR: Cannot retrieve any response status before encountering an EPIPE or ECONNRESET exception
WARNING: Upload failed: /thesis_analysis/gatk_bcftools_joint_genotyped_vcfs/genotyped_files/joint_gatk/NC_009146_3.genotyped.vcf.gz?partNumber=5&uploadId=2~PaaNZcvpNXAZuwrx4LtrhOOK3k7zAHd ([Errno 32] Broken pipe)
WARNING: Waiting 3 sec...
ERROR: Cannot retrieve any response status before encountering an EPIPE or ECONNRESET exception
WARNING: Upload failed: /thesis_analysis/gatk_bcftools_joint_genotyped_vcfs/genotyped_files/joint_gatk/NC_009146_3.genotyped.vcf.gz?partNumber=6&uploadId=2~PaaNZcvpNXAZuwrx4LtrhOOK3k7zAHd ([Errno 32] Broken pipe)
WARNING: Waiting 3 sec...
ERROR: Cannot retrieve any response status before encountering an EPIPE or ECONNRESET exception
WARNING: Upload failed: /thesis_analysis/gatk_bcftools_joint_genotyped_vcfs/genotyped_files/joint_gatk/NC_009146_3.genotyped.vcf.gz?partNumber=7&uploadId=2~PaaNZcvpNXAZuwrx4LtrhOOK3k7zAHd ([Errno 32] Broken pipe)
WARNING: Waiting 3 sec...
ERROR: Cannot retrieve any response status before encountering an EPIPE or ECONNRESET exception
WARNING: Upload failed: /thesis_analysis/gatk_bcftools_joint_genotyped_vcfs/genotyped_files/joint_gatk/NC_009147_3.genotyped.vcf.gz?partNumber=1&uploadId=2~HPlhN5i_Gf2uZ4JMVbgSxI1YvWgHga3 ([Errno 32] Broken pipe)
WARNING: Waiting 3 sec...
ERROR: Cannot retrieve any response status before encountering an EPIPE or ECONNRESET exception
WARNING: Upload failed: /thesis_analysis/gatk_bcftools_joint_genotyped_vcfs/genotyped_files/joint_gatk/NC_009147_3.genotyped.vcf.gz?partNumber=2&uploadId=2~HPlhN5i_Gf2uZ4JMVbgSxI1YvWgHga3 ([Errno 32] Broken pipe)
WARNING: Waiting 3 sec...
ERROR: Cannot retrieve any response status before encountering an EPIPE or ECONNRESET exception
WARNING: Upload failed: /thesis_analysis/gatk_bcftools_joint_genotyped_vcfs/genotyped_files/joint_gatk/NC_009147_3.genotyped.vcf.gz?partNumber=3&uploadId=2~HPlhN5i_Gf2uZ4JMVbgSxI1YvWgHga3 ([Errno 32] Broken pipe)
WARNING: Waiting 3 sec...
ERROR: Cannot retrieve any response status before encountering an EPIPE or ECONNRESET exception
WARNING: Upload failed: /thesis_analysis/gatk_bcftools_joint_genotyped_vcfs/genotyped_files/joint_gatk/NC_009147_3.genotyped.vcf.gz?partNumber=4&uploadId=2~HPlhN5i_Gf2uZ4JMVbgSxI1YvWgHga3 ([Errno 32] Broken pipe)
WARNING: Waiting 3 sec...
ERROR: Cannot retrieve any response status before encountering an EPIPE or ECONNRESET exception
WARNING: Upload failed: /thesis_analysis/gatk_bcftools_joint_genotyped_vcfs/genotyped_files/joint_gatk/NC_009147_3.genotyped.vcf.gz?partNumber=5&uploadId=2~HPlhN5i_Gf2uZ4JMVbgSxI1YvWgHga3 ([Errno 32] Broken pipe)
WARNING: Waiting 3 sec...
ERROR: Cannot retrieve any response status before encountering an EPIPE or ECONNRESET exception
WARNING: Upload failed: /thesis_analysis/gatk_bcftools_joint_genotyped_vcfs/genotyped_files/joint_gatk/NC_009147_3.genotyped.vcf.gz?partNumber=6&uploadId=2~HPlhN5i_Gf2uZ4JMVbgSxI1YvWgHga3 ([Errno 32] Broken pipe)
WARNING: Waiting 3 sec...
ERROR: Cannot retrieve any response status before encountering an EPIPE or ECONNRESET exception
WARNING: Upload failed: /thesis_analysis/gatk_bcftools_joint_genotyped_vcfs/genotyped_files/joint_gatk/NC_009147_3.genotyped.vcf.gz?partNumber=7&uploadId=2~HPlhN5i_Gf2uZ4JMVbgSxI1YvWgHga3 ([Errno 32] Broken pipe)
WARNING: Waiting 3 sec...
ERROR: Cannot retrieve any response status before encountering an EPIPE or ECONNRESET exception
WARNING: Upload failed: /thesis_analysis/gatk_bcftools_joint_genotyped_vcfs/genotyped_files/joint_gatk/NC_009148_3.genotyped.vcf.gz?partNumber=1&uploadId=2~3ZBGZtMikoSj7IU8MBXN_nidc26Kovi ([Errno 32] Broken pipe)
WARNING: Waiting 3 sec...
ERROR: Cannot retrieve any response status before encountering an EPIPE or ECONNRESET exception
WARNING: Upload failed: /thesis_analysis/gatk_bcftools_joint_genotyped_vcfs/genotyped_files/joint_gatk/NC_009148_3.genotyped.vcf.gz?partNumber=2&uploadId=2~3ZBGZtMikoSj7IU8MBXN_nidc26Kovi ([Errno 32] Broken pipe)
WARNING: Waiting 3 sec...
ERROR: Cannot retrieve any response status before encountering an EPIPE or ECONNRESET exception
WARNING: Upload failed: /thesis_analysis/gatk_bcftools_joint_genotyped_vcfs/genotyped_files/joint_gatk/NC_009148_3.genotyped.vcf.gz?partNumber=3&uploadId=2~3ZBGZtMikoSj7IU8MBXN_nidc26Kovi ([Errno 32] Broken pipe)
WARNING: Waiting 3 sec...
ERROR: Cannot retrieve any response status before encountering an EPIPE or ECONNRESET exception
WARNING: Upload failed: /thesis_analysis/gatk_bcftools_joint_genotyped_vcfs/genotyped_files/joint_gatk/NC_009148_3.genotyped.vcf.gz?partNumber=4&uploadId=2~3ZBGZtMikoSj7IU8MBXN_nidc26Kovi ([Errno 32] Broken pipe)
WARNING: Waiting 3 sec...
ERROR: Cannot retrieve any response status before encountering an EPIPE or ECONNRESET exception
WARNING: Upload failed: /thesis_analysis/gatk_bcftools_joint_genotyped_vcfs/genotyped_files/joint_gatk/NC_009148_3.genotyped.vcf.gz?partNumber=5&uploadId=2~3ZBGZtMikoSj7IU8MBXN_nidc26Kovi ([Errno 32] Broken pipe)
WARNING: Waiting 3 sec...
ERROR: Cannot retrieve any response status before encountering an EPIPE or ECONNRESET exception
WARNING: Upload failed: /thesis_analysis/gatk_bcftools_joint_genotyped_vcfs/genotyped_files/joint_gatk/NC_009148_3.genotyped.vcf.gz?partNumber=6&uploadId=2~3ZBGZtMikoSj7IU8MBXN_nidc26Kovi ([Errno 32] Broken pipe)
WARNING: Waiting 3 sec...
ERROR: Cannot retrieve any response status before encountering an EPIPE or ECONNRESET exception
WARNING: Upload failed: /thesis_analysis/gatk_bcftools_joint_genotyped_vcfs/genotyped_files/joint_gatk/NC_009149_3.genotyped.vcf.gz?partNumber=1&uploadId=2~pUZBIM239gpCDYE7HL8HKEwkapFG2bE ([Errno 32] Broken pipe)
WARNING: Waiting 3 sec...
ERROR: Cannot retrieve any response status before encountering an EPIPE or ECONNRESET exception
WARNING: Upload failed: /thesis_analysis/gatk_bcftools_joint_genotyped_vcfs/genotyped_files/joint_gatk/NC_009149_3.genotyped.vcf.gz?partNumber=2&uploadId=2~pUZBIM239gpCDYE7HL8HKEwkapFG2bE ([Errno 32] Broken pipe)
WARNING: Waiting 3 sec...
ERROR: Cannot retrieve any response status before encountering an EPIPE or ECONNRESET exception
WARNING: Upload failed: /thesis_analysis/gatk_bcftools_joint_genotyped_vcfs/genotyped_files/joint_gatk/NC_009149_3.genotyped.vcf.gz?partNumber=3&uploadId=2~pUZBIM239gpCDYE7HL8HKEwkapFG2bE ([Errno 32] Broken pipe)
WARNING: Waiting 3 sec...
ERROR: Cannot retrieve any response status before encountering an EPIPE or ECONNRESET exception
WARNING: Upload failed: /thesis_analysis/gatk_bcftools_joint_genotyped_vcfs/genotyped_files/joint_gatk/NC_009149_3.genotyped.vcf.gz?partNumber=4&uploadId=2~pUZBIM239gpCDYE7HL8HKEwkapFG2bE ([Errno 32] Broken pipe)
WARNING: Waiting 3 sec...
ERROR: Cannot retrieve any response status before encountering an EPIPE or ECONNRESET exception
WARNING: Upload failed: /thesis_analysis/gatk_bcftools_joint_genotyped_vcfs/genotyped_files/joint_gatk/NC_009149_3.genotyped.vcf.gz?partNumber=5&uploadId=2~pUZBIM239gpCDYE7HL8HKEwkapFG2bE ([Errno 32] Broken pipe)
WARNING: Waiting 3 sec...
ERROR: Cannot retrieve any response status before encountering an EPIPE or ECONNRESET exception
WARNING: Upload failed: /thesis_analysis/gatk_bcftools_joint_genotyped_vcfs/genotyped_files/joint_gatk/NC_009150_3.genotyped.vcf.gz?partNumber=1&uploadId=2~-vpGL5TgfYPt-d_E_PcpT67z6MfUcTl ([Errno 32] Broken pipe)
WARNING: Waiting 3 sec...
ERROR: Cannot retrieve any response status before encountering an EPIPE or ECONNRESET exception
WARNING: Upload failed: /thesis_analysis/gatk_bcftools_joint_genotyped_vcfs/genotyped_files/joint_gatk/NC_009150_3.genotyped.vcf.gz?partNumber=2&uploadId=2~-vpGL5TgfYPt-d_E_PcpT67z6MfUcTl ([Errno 32] Broken pipe)
WARNING: Waiting 3 sec...
ERROR: Cannot retrieve any response status before encountering an EPIPE or ECONNRESET exception
WARNING: Upload failed: /thesis_analysis/gatk_bcftools_joint_genotyped_vcfs/genotyped_files/joint_gatk/NC_009150_3.genotyped.vcf.gz?partNumber=3&uploadId=2~-vpGL5TgfYPt-d_E_PcpT67z6MfUcTl ([Errno 32] Broken pipe)
WARNING: Waiting 3 sec...
ERROR: Cannot retrieve any response status before encountering an EPIPE or ECONNRESET exception
WARNING: Upload failed: /thesis_analysis/gatk_bcftools_joint_genotyped_vcfs/genotyped_files/joint_gatk/NC_009150_3.genotyped.vcf.gz?partNumber=4&uploadId=2~-vpGL5TgfYPt-d_E_PcpT67z6MfUcTl ([Errno 32] Broken pipe)
WARNING: Waiting 3 sec...
ERROR: Cannot retrieve any response status before encountering an EPIPE or ECONNRESET exception
WARNING: Upload failed: /thesis_analysis/gatk_bcftools_joint_genotyped_vcfs/genotyped_files/joint_gatk/NC_009150_3.genotyped.vcf.gz?partNumber=5&uploadId=2~-vpGL5TgfYPt-d_E_PcpT67z6MfUcTl ([Errno 32] Broken pipe)
WARNING: Waiting 3 sec...
ERROR: Cannot retrieve any response status before encountering an EPIPE or ECONNRESET exception
WARNING: Upload failed: /thesis_analysis/gatk_bcftools_joint_genotyped_vcfs/genotyped_files/joint_gatk/NC_009150_3.genotyped.vcf.gz?partNumber=6&uploadId=2~-vpGL5TgfYPt-d_E_PcpT67z6MfUcTl ([Errno 32] Broken pipe)
WARNING: Waiting 3 sec...
ERROR: Cannot retrieve any response status before encountering an EPIPE or ECONNRESET exception
WARNING: Upload failed: /thesis_analysis/gatk_bcftools_joint_genotyped_vcfs/genotyped_files/joint_gatk/NC_009151_3.genotyped.vcf.gz?partNumber=1&uploadId=2~LXmTVlTZ1gzVUQAeAySga-9C9NZF3Q2 ([Errno 32] Broken pipe)
WARNING: Waiting 3 sec...
ERROR: Cannot retrieve any response status before encountering an EPIPE or ECONNRESET exception
WARNING: Upload failed: /thesis_analysis/gatk_bcftools_joint_genotyped_vcfs/genotyped_files/joint_gatk/NC_009151_3.genotyped.vcf.gz?partNumber=2&uploadId=2~LXmTVlTZ1gzVUQAeAySga-9C9NZF3Q2 ([Errno 32] Broken pipe)
WARNING: Waiting 3 sec...
ERROR: Cannot retrieve any response status before encountering an EPIPE or ECONNRESET exception
WARNING: Upload failed: /thesis_analysis/gatk_bcftools_joint_genotyped_vcfs/genotyped_files/joint_gatk/NC_009151_3.genotyped.vcf.gz?partNumber=3&uploadId=2~LXmTVlTZ1gzVUQAeAySga-9C9NZF3Q2 ([Errno 32] Broken pipe)
WARNING: Waiting 3 sec...
ERROR: Cannot retrieve any response status before encountering an EPIPE or ECONNRESET exception
WARNING: Upload failed: /thesis_analysis/gatk_bcftools_joint_genotyped_vcfs/genotyped_files/joint_gatk/NC_009151_3.genotyped.vcf.gz?partNumber=4&uploadId=2~LXmTVlTZ1gzVUQAeAySga-9C9NZF3Q2 ([Errno 32] Broken pipe)
WARNING: Waiting 3 sec...
ERROR: Cannot retrieve any response status before encountering an EPIPE or ECONNRESET exception
WARNING: Upload failed: /thesis_analysis/gatk_bcftools_joint_genotyped_vcfs/genotyped_files/joint_gatk/NC_009151_3.genotyped.vcf.gz?partNumber=5&uploadId=2~LXmTVlTZ1gzVUQAeAySga-9C9NZF3Q2 ([Errno 32] Broken pipe)
WARNING: Waiting 3 sec...
ERROR: Cannot retrieve any response status before encountering an EPIPE or ECONNRESET exception
WARNING: Upload failed: /thesis_analysis/gatk_bcftools_joint_genotyped_vcfs/genotyped_files/joint_gatk/NC_009151_3.genotyped.vcf.gz?partNumber=6&uploadId=2~LXmTVlTZ1gzVUQAeAySga-9C9NZF3Q2 ([Errno 32] Broken pipe)
WARNING: Waiting 3 sec...
ERROR: Cannot retrieve any response status before encountering an EPIPE or ECONNRESET exception
WARNING: Upload failed: /thesis_analysis/gatk_bcftools_joint_genotyped_vcfs/genotyped_files/joint_gatk/NC_009152_3.genotyped.vcf.gz?partNumber=1&uploadId=2~akI_3UWJpST3nc6lO55UirWQ-SGR9Cy ([Errno 32] Broken pipe)
WARNING: Waiting 3 sec...
ERROR: Cannot retrieve any response status before encountering an EPIPE or ECONNRESET exception
WARNING: Upload failed: /thesis_analysis/gatk_bcftools_joint_genotyped_vcfs/genotyped_files/joint_gatk/NC_009152_3.genotyped.vcf.gz?partNumber=2&uploadId=2~akI_3UWJpST3nc6lO55UirWQ-SGR9Cy ([Errno 32] Broken pipe)
WARNING: Waiting 3 sec...
ERROR: Cannot retrieve any response status before encountering an EPIPE or ECONNRESET exception
WARNING: Upload failed: /thesis_analysis/gatk_bcftools_joint_genotyped_vcfs/genotyped_files/joint_gatk/NC_009152_3.genotyped.vcf.gz?partNumber=3&uploadId=2~akI_3UWJpST3nc6lO55UirWQ-SGR9Cy ([Errno 32] Broken pipe)
WARNING: Waiting 3 sec...
ERROR: Cannot retrieve any response status before encountering an EPIPE or ECONNRESET exception
WARNING: Upload failed: /thesis_analysis/gatk_bcftools_joint_genotyped_vcfs/genotyped_files/joint_gatk/NC_009152_3.genotyped.vcf.gz?partNumber=4&uploadId=2~akI_3UWJpST3nc6lO55UirWQ-SGR9Cy ([Errno 32] Broken pipe)
WARNING: Waiting 3 sec...
ERROR: Cannot retrieve any response status before encountering an EPIPE or ECONNRESET exception
WARNING: Upload failed: /thesis_analysis/gatk_bcftools_joint_genotyped_vcfs/genotyped_files/joint_gatk/NC_009152_3.genotyped.vcf.gz?partNumber=5&uploadId=2~akI_3UWJpST3nc6lO55UirWQ-SGR9Cy ([Errno 32] Broken pipe)
WARNING: Waiting 3 sec...
ERROR: Cannot retrieve any response status before encountering an EPIPE or ECONNRESET exception
WARNING: Upload failed: /thesis_analysis/gatk_bcftools_joint_genotyped_vcfs/genotyped_files/joint_gatk/NC_009153_3.genotyped.vcf.gz?partNumber=1&uploadId=2~-gkDd6yr2VAmv1zXs0bSgiV_a_-mjnc ([Errno 32] Broken pipe)
WARNING: Waiting 3 sec...
ERROR: Cannot retrieve any response status before encountering an EPIPE or ECONNRESET exception
WARNING: Upload failed: /thesis_analysis/gatk_bcftools_joint_genotyped_vcfs/genotyped_files/joint_gatk/NC_009153_3.genotyped.vcf.gz?partNumber=2&uploadId=2~-gkDd6yr2VAmv1zXs0bSgiV_a_-mjnc ([Errno 32] Broken pipe)
WARNING: Waiting 3 sec...
ERROR: Cannot retrieve any response status before encountering an EPIPE or ECONNRESET exception
WARNING: Upload failed: /thesis_analysis/gatk_bcftools_joint_genotyped_vcfs/genotyped_files/joint_gatk/NC_009153_3.genotyped.vcf.gz?partNumber=3&uploadId=2~-gkDd6yr2VAmv1zXs0bSgiV_a_-mjnc ([Errno 32] Broken pipe)
WARNING: Waiting 3 sec...
ERROR: Cannot retrieve any response status before encountering an EPIPE or ECONNRESET exception
WARNING: Upload failed: /thesis_analysis/gatk_bcftools_joint_genotyped_vcfs/genotyped_files/joint_gatk/NC_009153_3.genotyped.vcf.gz?partNumber=4&uploadId=2~-gkDd6yr2VAmv1zXs0bSgiV_a_-mjnc ([Errno 32] Broken pipe)
WARNING: Waiting 3 sec...
ERROR: Cannot retrieve any response status before encountering an EPIPE or ECONNRESET exception
WARNING: Upload failed: /thesis_analysis/gatk_bcftools_joint_genotyped_vcfs/genotyped_files/joint_gatk/NC_009153_3.genotyped.vcf.gz?partNumber=5&uploadId=2~-gkDd6yr2VAmv1zXs0bSgiV_a_-mjnc ([Errno 32] Broken pipe)
WARNING: Waiting 3 sec...
ERROR: Cannot retrieve any response status before encountering an EPIPE or ECONNRESET exception
WARNING: Upload failed: /thesis_analysis/gatk_bcftools_joint_genotyped_vcfs/genotyped_files/joint_gatk/NC_009154_3.genotyped.vcf.gz?partNumber=1&uploadId=2~pgk8m7quHcZFoKkna6NglvQQ6QCOdBd ([Errno 32] Broken pipe)
WARNING: Waiting 3 sec...
ERROR: Cannot retrieve any response status before encountering an EPIPE or ECONNRESET exception
WARNING: Upload failed: /thesis_analysis/gatk_bcftools_joint_genotyped_vcfs/genotyped_files/joint_gatk/NC_009154_3.genotyped.vcf.gz?partNumber=2&uploadId=2~pgk8m7quHcZFoKkna6NglvQQ6QCOdBd ([Errno 32] Broken pipe)
WARNING: Waiting 3 sec...
ERROR: Cannot retrieve any response status before encountering an EPIPE or ECONNRESET exception
WARNING: Upload failed: /thesis_analysis/gatk_bcftools_joint_genotyped_vcfs/genotyped_files/joint_gatk/NC_009154_3.genotyped.vcf.gz?partNumber=3&uploadId=2~pgk8m7quHcZFoKkna6NglvQQ6QCOdBd ([Errno 32] Broken pipe)
WARNING: Waiting 3 sec...
ERROR: Cannot retrieve any response status before encountering an EPIPE or ECONNRESET exception
WARNING: Upload failed: /thesis_analysis/gatk_bcftools_joint_genotyped_vcfs/genotyped_files/joint_gatk/NC_009154_3.genotyped.vcf.gz?partNumber=4&uploadId=2~pgk8m7quHcZFoKkna6NglvQQ6QCOdBd ([Errno 32] Broken pipe)
WARNING: Waiting 3 sec...
ERROR: Cannot retrieve any response status before encountering an EPIPE or ECONNRESET exception
WARNING: Upload failed: /thesis_analysis/gatk_bcftools_joint_genotyped_vcfs/genotyped_files/joint_gatk/NC_009155_3.genotyped.vcf.gz?partNumber=1&uploadId=2~G9rt0did3oVugp15FpwYZRmP4ddRguU ([Errno 32] Broken pipe)
WARNING: Waiting 3 sec...
ERROR: Cannot retrieve any response status before encountering an EPIPE or ECONNRESET exception
WARNING: Upload failed: /thesis_analysis/gatk_bcftools_joint_genotyped_vcfs/genotyped_files/joint_gatk/NC_009155_3.genotyped.vcf.gz?partNumber=2&uploadId=2~G9rt0did3oVugp15FpwYZRmP4ddRguU ([Errno 32] Broken pipe)
WARNING: Waiting 3 sec...
ERROR: Cannot retrieve any response status before encountering an EPIPE or ECONNRESET exception
WARNING: Upload failed: /thesis_analysis/gatk_bcftools_joint_genotyped_vcfs/genotyped_files/joint_gatk/NC_009155_3.genotyped.vcf.gz?partNumber=3&uploadId=2~G9rt0did3oVugp15FpwYZRmP4ddRguU ([Errno 32] Broken pipe)
WARNING: Waiting 3 sec...
ERROR: Cannot retrieve any response status before encountering an EPIPE or ECONNRESET exception
WARNING: Upload failed: /thesis_analysis/gatk_bcftools_joint_genotyped_vcfs/genotyped_files/joint_gatk/NC_009155_3.genotyped.vcf.gz?partNumber=4&uploadId=2~G9rt0did3oVugp15FpwYZRmP4ddRguU ([Errno 32] Broken pipe)
WARNING: Waiting 3 sec...
ERROR: Cannot retrieve any response status before encountering an EPIPE or ECONNRESET exception
WARNING: Upload failed: /thesis_analysis/gatk_bcftools_joint_genotyped_vcfs/genotyped_files/joint_gatk/NC_009156_3.genotyped.vcf.gz?partNumber=1&uploadId=2~-RuMcn6C5MrFLzZv_44jE1Tdmc1nhak ([Errno 32] Broken pipe)
WARNING: Waiting 3 sec...
ERROR: Cannot retrieve any response status before encountering an EPIPE or ECONNRESET exception
WARNING: Upload failed: /thesis_analysis/gatk_bcftools_joint_genotyped_vcfs/genotyped_files/joint_gatk/NC_009156_3.genotyped.vcf.gz?partNumber=2&uploadId=2~-RuMcn6C5MrFLzZv_44jE1Tdmc1nhak ([Errno 32] Broken pipe)
WARNING: Waiting 3 sec...
ERROR: Cannot retrieve any response status before encountering an EPIPE or ECONNRESET exception
WARNING: Upload failed: /thesis_analysis/gatk_bcftools_joint_genotyped_vcfs/genotyped_files/joint_gatk/NC_009156_3.genotyped.vcf.gz?partNumber=3&uploadId=2~-RuMcn6C5MrFLzZv_44jE1Tdmc1nhak ([Errno 32] Broken pipe)
WARNING: Waiting 3 sec...
ERROR: Cannot retrieve any response status before encountering an EPIPE or ECONNRESET exception
WARNING: Upload failed: /thesis_analysis/gatk_bcftools_joint_genotyped_vcfs/genotyped_files/joint_gatk/NC_009157_3.genotyped.vcf.gz?partNumber=1&uploadId=2~Y_X8AzNpokGArNt2eKzG2Rz6EB0aURp ([Errno 32] Broken pipe)
WARNING: Waiting 3 sec...
ERROR: Cannot retrieve any response status before encountering an EPIPE or ECONNRESET exception
WARNING: Upload failed: /thesis_analysis/gatk_bcftools_joint_genotyped_vcfs/genotyped_files/joint_gatk/NC_009157_3.genotyped.vcf.gz?partNumber=2&uploadId=2~Y_X8AzNpokGArNt2eKzG2Rz6EB0aURp ([Errno 32] Broken pipe)
WARNING: Waiting 3 sec...
ERROR: Cannot retrieve any response status before encountering an EPIPE or ECONNRESET exception
WARNING: Upload failed: /thesis_analysis/gatk_bcftools_joint_genotyped_vcfs/genotyped_files/joint_gatk/NC_009157_3.genotyped.vcf.gz?partNumber=3&uploadId=2~Y_X8AzNpokGArNt2eKzG2Rz6EB0aURp ([Errno 32] Broken pipe)
WARNING: Waiting 3 sec...
ERROR: Cannot retrieve any response status before encountering an EPIPE or ECONNRESET exception
WARNING: Upload failed: /thesis_analysis/gatk_bcftools_joint_genotyped_vcfs/genotyped_files/joint_gatk/NC_009157_3.genotyped.vcf.gz?partNumber=4&uploadId=2~Y_X8AzNpokGArNt2eKzG2Rz6EB0aURp ([Errno 32] Broken pipe)
WARNING: Waiting 3 sec...
ERROR: Cannot retrieve any response status before encountering an EPIPE or ECONNRESET exception
WARNING: Upload failed: /thesis_analysis/gatk_bcftools_joint_genotyped_vcfs/genotyped_files/joint_gatk/NC_009157_3.genotyped.vcf.gz?partNumber=5&uploadId=2~Y_X8AzNpokGArNt2eKzG2Rz6EB0aURp ([Errno 32] Broken pipe)
WARNING: Waiting 3 sec...
ERROR: Cannot retrieve any response status before encountering an EPIPE or ECONNRESET exception
WARNING: Upload failed: /thesis_analysis/gatk_bcftools_joint_genotyped_vcfs/genotyped_files/joint_gatk/NC_009158_3.genotyped.vcf.gz?partNumber=1&uploadId=2~hrA61wUSt3ZiEXlRzxx3jjHhxnemyYP ([Errno 32] Broken pipe)
WARNING: Waiting 3 sec...
ERROR: Cannot retrieve any response status before encountering an EPIPE or ECONNRESET exception
WARNING: Upload failed: /thesis_analysis/gatk_bcftools_joint_genotyped_vcfs/genotyped_files/joint_gatk/NC_009158_3.genotyped.vcf.gz?partNumber=2&uploadId=2~hrA61wUSt3ZiEXlRzxx3jjHhxnemyYP ([Errno 32] Broken pipe)
WARNING: Waiting 3 sec...
ERROR: Cannot retrieve any response status before encountering an EPIPE or ECONNRESET exception
WARNING: Upload failed: /thesis_analysis/gatk_bcftools_joint_genotyped_vcfs/genotyped_files/joint_gatk/NC_009158_3.genotyped.vcf.gz?partNumber=3&uploadId=2~hrA61wUSt3ZiEXlRzxx3jjHhxnemyYP ([Errno 32] Broken pipe)
WARNING: Waiting 3 sec...
ERROR: Cannot retrieve any response status before encountering an EPIPE or ECONNRESET exception
WARNING: Upload failed: /thesis_analysis/gatk_bcftools_joint_genotyped_vcfs/genotyped_files/joint_gatk/NC_009158_3.genotyped.vcf.gz?partNumber=4&uploadId=2~hrA61wUSt3ZiEXlRzxx3jjHhxnemyYP ([Errno 32] Broken pipe)
WARNING: Waiting 3 sec...
ERROR: Cannot retrieve any response status before encountering an EPIPE or ECONNRESET exception
WARNING: Upload failed: /thesis_analysis/gatk_bcftools_joint_genotyped_vcfs/genotyped_files/joint_gatk/NC_009158_3.genotyped.vcf.gz?partNumber=5&uploadId=2~hrA61wUSt3ZiEXlRzxx3jjHhxnemyYP ([Errno 32] Broken pipe)
WARNING: Waiting 3 sec...
ERROR: Cannot retrieve any response status before encountering an EPIPE or ECONNRESET exception
WARNING: Upload failed: /thesis_analysis/gatk_bcftools_joint_genotyped_vcfs/genotyped_files/joint_gatk/NC_009158_3.genotyped.vcf.gz?partNumber=6&uploadId=2~hrA61wUSt3ZiEXlRzxx3jjHhxnemyYP ([Errno 32] Broken pipe)
WARNING: Waiting 3 sec...
ERROR: Cannot retrieve any response status before encountering an EPIPE or ECONNRESET exception
WARNING: Upload failed: /thesis_analysis/gatk_bcftools_joint_genotyped_vcfs/genotyped_files/joint_gatk/NC_009159_3.genotyped.vcf.gz?partNumber=1&uploadId=2~6cNrsubwJuzSbQeTWeV3TmfZ5Jc0Yp9 ([Errno 32] Broken pipe)
WARNING: Waiting 3 sec...
ERROR: Cannot retrieve any response status before encountering an EPIPE or ECONNRESET exception
WARNING: Upload failed: /thesis_analysis/gatk_bcftools_joint_genotyped_vcfs/genotyped_files/joint_gatk/NC_009159_3.genotyped.vcf.gz?partNumber=2&uploadId=2~6cNrsubwJuzSbQeTWeV3TmfZ5Jc0Yp9 ([Errno 32] Broken pipe)
WARNING: Waiting 3 sec...
ERROR: Cannot retrieve any response status before encountering an EPIPE or ECONNRESET exception
WARNING: Upload failed: /thesis_analysis/gatk_bcftools_joint_genotyped_vcfs/genotyped_files/joint_gatk/NC_009159_3.genotyped.vcf.gz?partNumber=3&uploadId=2~6cNrsubwJuzSbQeTWeV3TmfZ5Jc0Yp9 ([Errno 32] Broken pipe)
WARNING: Waiting 3 sec...
ERROR: Cannot retrieve any response status before encountering an EPIPE or ECONNRESET exception
WARNING: Upload failed: /thesis_analysis/gatk_bcftools_joint_genotyped_vcfs/genotyped_files/joint_gatk/NC_009159_3.genotyped.vcf.gz?partNumber=4&uploadId=2~6cNrsubwJuzSbQeTWeV3TmfZ5Jc0Yp9 ([Errno 32] Broken pipe)
WARNING: Waiting 3 sec...
ERROR: Cannot retrieve any response status before encountering an EPIPE or ECONNRESET exception
WARNING: Upload failed: /thesis_analysis/gatk_bcftools_joint_genotyped_vcfs/genotyped_files/joint_gatk/NC_009159_3.genotyped.vcf.gz?partNumber=5&uploadId=2~6cNrsubwJuzSbQeTWeV3TmfZ5Jc0Yp9 ([Errno 32] Broken pipe)
WARNING: Waiting 3 sec...
ERROR: Cannot retrieve any response status before encountering an EPIPE or ECONNRESET exception
WARNING: Upload failed: /thesis_analysis/gatk_bcftools_joint_genotyped_vcfs/genotyped_files/joint_gatk/NC_009160_3.genotyped.vcf.gz?partNumber=1&uploadId=2~ZtCLsESEaUIu7KvmJ-jsuZ7qc-agEsD ([Errno 32] Broken pipe)
WARNING: Waiting 3 sec...
ERROR: Cannot retrieve any response status before encountering an EPIPE or ECONNRESET exception
WARNING: Upload failed: /thesis_analysis/gatk_bcftools_joint_genotyped_vcfs/genotyped_files/joint_gatk/NC_009160_3.genotyped.vcf.gz?partNumber=2&uploadId=2~ZtCLsESEaUIu7KvmJ-jsuZ7qc-agEsD ([Errno 32] Broken pipe)
WARNING: Waiting 3 sec...
ERROR: Cannot retrieve any response status before encountering an EPIPE or ECONNRESET exception
WARNING: Upload failed: /thesis_analysis/gatk_bcftools_joint_genotyped_vcfs/genotyped_files/joint_gatk/NC_009160_3.genotyped.vcf.gz?partNumber=3&uploadId=2~ZtCLsESEaUIu7KvmJ-jsuZ7qc-agEsD ([Errno 32] Broken pipe)
WARNING: Waiting 3 sec...
ERROR: Cannot retrieve any response status before encountering an EPIPE or ECONNRESET exception
WARNING: Upload failed: /thesis_analysis/gatk_bcftools_joint_genotyped_vcfs/genotyped_files/joint_gatk/NC_009160_3.genotyped.vcf.gz?partNumber=4&uploadId=2~ZtCLsESEaUIu7KvmJ-jsuZ7qc-agEsD ([Errno 32] Broken pipe)
WARNING: Waiting 3 sec...
ERROR: Cannot retrieve any response status before encountering an EPIPE or ECONNRESET exception
WARNING: Upload failed: /thesis_analysis/gatk_bcftools_joint_genotyped_vcfs/genotyped_files/joint_gatk/NC_009160_3.genotyped.vcf.gz?partNumber=5&uploadId=2~ZtCLsESEaUIu7KvmJ-jsuZ7qc-agEsD ([Errno 32] Broken pipe)
WARNING: Waiting 3 sec...
ERROR: Cannot retrieve any response status before encountering an EPIPE or ECONNRESET exception
WARNING: Upload failed: /thesis_analysis/gatk_bcftools_joint_genotyped_vcfs/genotyped_files/joint_gatk/NC_009161_3.genotyped.vcf.gz?partNumber=1&uploadId=2~xaj3BQQmon_YJ6VAynpjGbut0KTIRar ([Errno 32] Broken pipe)
WARNING: Waiting 3 sec...
ERROR: Cannot retrieve any response status before encountering an EPIPE or ECONNRESET exception
WARNING: Upload failed: /thesis_analysis/gatk_bcftools_joint_genotyped_vcfs/genotyped_files/joint_gatk/NC_009161_3.genotyped.vcf.gz?partNumber=2&uploadId=2~xaj3BQQmon_YJ6VAynpjGbut0KTIRar ([Errno 32] Broken pipe)
WARNING: Waiting 3 sec...
ERROR: Cannot retrieve any response status before encountering an EPIPE or ECONNRESET exception
WARNING: Upload failed: /thesis_analysis/gatk_bcftools_joint_genotyped_vcfs/genotyped_files/joint_gatk/NC_009161_3.genotyped.vcf.gz?partNumber=3&uploadId=2~xaj3BQQmon_YJ6VAynpjGbut0KTIRar ([Errno 32] Broken pipe)
WARNING: Waiting 3 sec...
